; PUBLIC DEMO NETLIST
; This file shows the RX testbench topology and parameterization
; used by CONTOUR. It omits proprietary foundry model includes.
; Generate your own schematic design in ADS and extract the netlist.
; THIS FILE IS ONLY AN EXAMPLE

; Top Design: "rf_rx_lib:HB_LNA_a_0618:schematic"
; Netlisted using Hierarchy Policy: "Standard"

Options ResourceUsage=yes UseNutmegFormat=no EnableOptim=no TopDesignName="rf_rx_lib:HB_LNA_a_0618:schematic" DcopOutputNodeVoltages=yes DcopOutputPinCurrents=yes DcopOutputAllSweepPoints=no DcopOutputDcopType=2
; Library Name: rf_rx_lib
; Cell Name: MNlo_1_N
; View Name: schematic
define MNlo_1_N ( vin  vout  vb ) 
;parameters 
#ifndef inc_rf__rx__lib_3aMNlo__1__N_3aschematic__130nm__bulk_2enet
#define inc_rf__rx__lib_3aMNlo__1__N_3aschematic__130nm__bulk_2enet 1
#include "/home/local/ace/hy7557/rf_rx_0306_wrk/130nm_bulk.net"
#endif
R:R1  vout vb R=20 kOhm Noise=yes 
C:C1  vin vout C=10 nF 
end MNlo_1_N

; Library Name: rf_rx_lib
; Cell Name: MNlo_1_P
; View Name: schematic
define MNlo_1_P ( vin  vout  vb ) 
;parameters 
#ifndef inc_rf__rx__lib_3aMNlo__1__P_3aschematic__130nm__bulk_2enet
#define inc_rf__rx__lib_3aMNlo__1__P_3aschematic__130nm__bulk_2enet 1
#include "/home/local/ace/hy7557/rf_rx_0306_wrk/130nm_bulk.net"
#endif
R:R1  vout vb R=20 kOhm Noise=yes 
C:C1  vin vout C=1 nF 
end MNlo_1_P

; Library Name: rf_rx_lib
; Cell Name: case1_LNA_ss1
; View Name: schematic
define case1_LNA_ss1 ( vin  vout  vdd  gnd  vb ) 
;parameters 
#ifndef inc_rf__rx__lib_3acase1__LNA__ss1_3aschematic__130nm__bulk_2enet
#define inc_rf__rx__lib_3acase1__LNA__ss1_3aschematic__130nm__bulk_2enet 1
#include "/home/local/ace/hy7557/rf_rx_0306_wrk/130nm_bulk.net"
#endif
R:R2  vin N__5 R=R1 Ohm Noise=yes 
"pmos":MOSFET4  vdd vb vout vdd Length=L4 um Width=1 um Mode=1 Noise=yes _M=W4 
"pmos":MOSFET3  vdd vin N__4 vdd Length=L2 um Width=1 um Mode=1 Noise=yes _M=W2 

L1=0.130
W1=30
L2=0.130
W2=80
L3=0.130
W3=160
L4=0.130
W4=40
R_f=20000
R1=450
C1=1.0
"pmos":MOSFET5  vout N__4 gnd vout Length=L3 um Width=1 um Mode=1 Noise=yes _M=W3 
C:C1  N__5 vout C=C1 pF 
R:R1  vin N__4 R=R_f Ohm Noise=yes 
"nmos":MOSFET2  N__4 vin gnd gnd Length=L1 um Width=1um Mode=1 Noise=yes _M=W1 
end case1_LNA_ss1

; Library Name: rf_rx_lib
; Cell Name: case1_LNA_ss2
; View Name: schematic
define case1_LNA_ss2 ( vin  vout  vdd  gnd  vb ) 
;parameters 
C:C2  vdd vout C=C_l pF 
C:C1  vin gnd C=C_s pF 
R:R1  vin gnd R=R_s Ohm Noise=yes 

L1=0.130
W1=20
L2=0.130
W2=20
L3=0.130
W3=20
L4=0.130
W4=5.5
R_s=150
L_s=8
C_s=0.90
R_l=2000
L_l=10
C_l=0.150
C1=1.0
#uselib "ckt" , "INDQ_Z"
INDQ_Z:L1  vin gnd L=L_s nH Q=15 F=5.0 GHz Mode=1 Rdc=0 Ohm 
R:R2  vdd vout R=R_l Ohm Noise=yes 
C:C3  N__6 0 C=C1 pF 
"nmos":MOSFET4  N__6 N__6 gnd gnd Length=L3 um Width=1um Mode=1 Noise=yes _M=W3 
"nmos":MOSFET2  N__11 N__6 vin gnd Length=L1 um Width=1um Mode=1 Noise=yes _M=W1 
"nmos":MOSFET3  vout vdd N__11 gnd Length=L2 um Width=1um Mode=1 Noise=yes _M=W2 
#uselib "ckt" , "INDQ_Z"
INDQ_Z:L2  vdd vout L=L_l nH Q=15 F=5.0 GHz Mode=1 Rdc=0 Ohm 
#ifndef inc_rf__rx__lib_3acase1__LNA__ss2_3aschematic__130nm__bulk_2enet
#define inc_rf__rx__lib_3acase1__LNA__ss2_3aschematic__130nm__bulk_2enet 1
#include "/home/local/ace/hy7557/rf_rx_0306_wrk/130nm_bulk.net"
#endif
"pmos":MOSFET5  vdd vb N__6 vdd Length=L4 um Width=1 um Mode=1 Noise=yes _M=W4 
end case1_LNA_ss2

; Library Name: rf_rx_lib
; Cell Name: case2_LNA_ss1
; View Name: schematic
define case2_LNA_ss1 ( vin  vout  vdd  gnd  vb ) 
;parameters 
#ifndef inc_rf__rx__lib_3acase2__LNA__ss1_3aschematic__130nm__bulk_2enet
#define inc_rf__rx__lib_3acase2__LNA__ss1_3aschematic__130nm__bulk_2enet 1
#include "/home/local/ace/hy7557/rf_rx_0306_wrk/130nm_bulk.net"
#endif
R:R2  vin N__5 R=R1 Ohm Noise=yes 
"pmos":MOSFET4  vdd vb vout vdd Length=L4 um Width=1 um Mode=1 Noise=yes _M=W4 
"pmos":MOSFET3  vdd vin N__4 vdd Length=L2 um Width=1 um Mode=1 Noise=yes _M=W2 

L1=0.130
W1=30
L2=0.130
W2=80
L3=0.130
W3=160
L4=0.130
W4=40
R_f=20000
R1=450
C1=1.0
"pmos":MOSFET5  vout N__4 gnd vout Length=L3 um Width=1 um Mode=1 Noise=yes _M=W3 
C:C1  N__5 vout C=C1 pF 
R:R1  vin N__4 R=R_f Ohm Noise=yes 
"nmos":MOSFET2  N__4 vin gnd gnd Length=L1 um Width=1um Mode=1 Noise=yes _M=W1 
end case2_LNA_ss1

; Library Name: rf_rx_lib
; Cell Name: case2_LNA_ss2
; View Name: schematic
define case2_LNA_ss2 ( vin  vout  vdd  gnd  vb ) 
;parameters 
C:C2  vdd vout C=C_l pF 
C:C1  vin gnd C=C_s pF 
R:R1  vin gnd R=R_s Ohm Noise=yes 

L1=0.130
W1=20
L2=0.130
W2=20
L3=0.130
W3=20
L4=0.130
W4=5.5
R_s=150
L_s=8
C_s=0.90
R_l=2000
L_l=10
C_l=0.150
C1=1.0
#uselib "ckt" , "INDQ_Z"
INDQ_Z:L1  vin gnd L=L_s nH Q=15 F=5.0 GHz Mode=1 Rdc=0 Ohm 
R:R2  vdd vout R=R_l Ohm Noise=yes 
C:C3  N__6 0 C=C1 pF 
"nmos":MOSFET4  N__6 N__6 gnd gnd Length=L3 um Width=1um Mode=1 Noise=yes _M=W3 
"nmos":MOSFET2  N__11 N__6 vin gnd Length=L1 um Width=1um Mode=1 Noise=yes _M=W1 
"nmos":MOSFET3  vout vdd N__11 gnd Length=L2 um Width=1um Mode=1 Noise=yes _M=W2 
#uselib "ckt" , "INDQ_Z"
INDQ_Z:L2  vdd vout L=L_l nH Q=15 F=5.0 GHz Mode=1 Rdc=0 Ohm 
#ifndef inc_rf__rx__lib_3acase2__LNA__ss2_3aschematic__130nm__bulk_2enet
#define inc_rf__rx__lib_3acase2__LNA__ss2_3aschematic__130nm__bulk_2enet 1
#include "/home/local/ace/hy7557/rf_rx_0306_wrk/130nm_bulk.net"
#endif
"pmos":MOSFET5  vdd vb N__6 vdd Length=L4 um Width=1 um Mode=1 Noise=yes _M=W4 
end case2_LNA_ss2

; Library Name: rf_rx_lib
; Cell Name: case3_LNA_sd1
; View Name: schematic
define case3_LNA_sd1 ( vin  voutp  voutn  vdd  gnd  vb1  vb2 ) 
;parameters 
#ifndef inc_rf__rx__lib_3acase3__LNA__sd1_3aschematic__130nm__bulk_2enet
#define inc_rf__rx__lib_3acase3__LNA__sd1_3aschematic__130nm__bulk_2enet 1
#include "/home/local/ace/hy7557/rf_rx_0306_wrk/130nm_bulk.net"
#endif
"nmos":MOSFET1  voutp vb1 vin gnd Length=L1 um Width=1um Mode=1 Noise=yes _M=W1 
"nmos":MOSFET2  voutn N__8 gnd gnd Length=L2 um Width=1um Mode=1 Noise=yes _M=W2 

L1=0.130
W1=50
L2=0.130
W2=50
R1=10000
C1=2.0
R_s=440
R_l=500
R:R1  vb2 N__8 R=R1 Ohm Noise=yes 
C:C1  vin N__8 C=C1 pF 
R:R2  vdd voutp R=R_l Ohm Noise=yes 
R:R3  vdd voutn R=R_l Ohm Noise=yes 
R:R4  gnd vin R=R_s Ohm Noise=yes 
end case3_LNA_sd1

#ifndef inc_rf__rx__lib_3aHB__LNA__0618_3aschematic__130nm__bulk_2enet
#define inc_rf__rx__lib_3aHB__LNA__0618_3aschematic__130nm__bulk_2enet 1
#include "/home/local/ace/hy7557/rf_rx_0306_wrk/130nm_bulk.net"
#endif

case1_Vout_mn1=file{DAC3, "case1_Vout_fund"}

case2_Vout_mn1=file{DAC5, "case2_Vout_fund"}
#uselib "ckt" , "DAC"
DAC:DAC4  File="/home/local/ace/hy7557/rf_rx_0306_wrk/DC_VDC1_a_0618.ds" Type="dataset" Block="aele_0.DC1" InterpMode="linear" InterpDom="ri" ExtrapMode="interpMode" iVar1="freq" iVal1=freq 
#uselib "ckt" , "DAC"
DAC:DAC3  File="/home/local/ace/hy7557/rf_rx_0306_wrk/HB_MN1_a_0618.ds" Type="dataset" Block="aele_61.HB2.HB" InterpMode="linear" InterpDom="ri" ExtrapMode="interpMode" iVar1="RFfreq" iVal1=RFfreq 
#uselib "ckt" , "DAC"
DAC:DAC2  File="/home/local/ace/hy7557/rf_rx_0306_wrk/HB_Z4_a_0618.ds" Type="dataset" Block="aele_126.HB2.HB" InterpMode="linear" InterpDom="ri" ExtrapMode="interpMode" iVar1="RFfreq" iVal1=RFfreq 

case1_Zin_mn2=file{DAC2, "case1_Zin_mn2"}
V_Source:SRC190  case2_LO_In_mx_dd2 0 Type="V_1Tone" V[1]=polar(1.2,180) V Freq[1]=LOfreq GHz    Vac=polar(1,0) V SaveCurrent=1 
R:R1  case1_vin_lna_ss1 N__367 R=1 MOhm Noise=yes 
Short:DC_Block151  case2_vout_lna_ss1 N__5 Mode=1 
V_Source:SRC221  case3_vb_mn2_3_p 0 Type="V_DC" Vdc=case3_Vb_mn2_3_p V SaveCurrent=1 
MNlo_1_P:X80  case2_LO_Qp_mx_dd1 case2_LO_Qp_mxin_dd1 case2_vb_mnlo_mx_dd1 
V_Source:SRC169  case1_vdd_lna_ss2 0 Type="V_DC" Vdc=case1_Vdd_lna_ss2 V SaveCurrent=1 

Rs=50.0
RFpower=-50

RFfreq=5
IFfreq=0.05
df=0.01
LOfreq=RFfreq-IFfreq
V_Source:SRC107  case2_gnd 0 Type="V_DC" Vdc=0.0 V SaveCurrent=1 
DC:DC1 StatusLevel=2 DevOpPtLevel=0 UseFiniteDiff=no PrintOpPoint=no Restart=1 \
OutputPlan="DC1_Output" 

OutputPlan:DC1_Output \
      Type="Output" \
      UseNodeNestLevel=yes \
      NodeNestLevel=2 \
      UseEquationNestLevel=yes \
      EquationNestLevel=2 \
      UseSavedEquationNestLevel=yes \
      SavedEquationNestLevel=2 \
      SavedEquationName[1]="case1_VoutDC" \
      SavedEquationName[2]="case2_VoutDC" \
      SavedEquationName[3]="case3_VoutnDC" \
      SavedEquationName[4]="case3_VoutpDC" \
      UseDeviceCurrentNestLevel=no \
      DeviceCurrentNestLevel=0 \
      DeviceCurrentDeviceType="All" \
      DeviceCurrentSymSyntax=yes \
      UseCurrentNestLevel=yes \
      CurrentNestLevel=999 \
      UseDeviceVoltageNestLevel=no \
      DeviceVoltageNestLevel=0 \
      DeviceVoltageDeviceType="All"

V_Source:SRC186  case2_vb_mn1_2 0 Type="V_DC" Vdc=case2_Vb_mn1_2 V SaveCurrent=1 
Port:Term118  N__4 0 Num=5 Z=case1_Zin_mn2 Ohm Noise=yes 
V_Source:SRC207  case3_LO_Qp_mx_dd2 0 Type="V_1Tone" V[1]=polar(1.2,90) V Freq[1]=LOfreq GHz    Vac=polar(1,0) V SaveCurrent=1 

case1_Vdd_lna_ss1=2.0
case1_Vb_lna_ss1=1.47
case1_Vdd_lna_ss2=2.5
case1_Vb_lna_ss2=1.5
#uselib "ckt" , "DAC"
DAC:DAC11  File="/home/local/ace/hy7557/rf_rx_0306_wrk/DC_VDC1_a_0618.ds" Type="dataset" Block="aele_0.DC1" InterpMode="linear" InterpDom="ri" ExtrapMode="interpMode" iVar1="freq" iVal1=freq 
V_Source:SRC223  case3_vb_mnlo_mx_dd2 0 Type="V_DC" Vdc=case3_Vb_mnlo_mx_dd2 V SaveCurrent=1 
V_Source:SRC148  case2_vb_mn3_2_n 0 Type="V_DC" Vdc=case2_Vb_mn3_2_n V SaveCurrent=1 
V_Source:SRC191  case2_LO_Ip_mx_dd2 0 Type="V_1Tone" V[1]=polar(1.2,0) V Freq[1]=LOfreq GHz    Vac=polar(1,0) V SaveCurrent=1 
MNlo_1_N:X82  case2_LO_In_mx_dd2 case2_LO_In_mxin_dd2 case2_vb_mnlo_mx_dd2 
V_Source:SRC259  N__363 0 Type="V_1Tone" V[1]=case2_Vout_mn1 V Freq[1]=RFfreq GHz    Vdc=case2_VoutDC_mn1 V Vac=case2_Vout_mn1 V SaveCurrent=1 
V_Source:SRC187  case2_vdd_lna_ss1 0 Type="V_DC" Vdc=case2_Vdd_lna_ss1 SaveCurrent=1 
V_Source:SRC184  case2_vdd_lna_ss2 0 Type="V_DC" Vdc=case2_Vdd_lna_ss2 V SaveCurrent=1 
V_Source:SRC200  case2_vb_lna_ss2 0 Type="V_DC" Vdc=case2_Vb_lna_ss2 V SaveCurrent=1 
V_Source:SRC140  case2_vb3_add_sd1 0 Type="V_DC" Vdc=case2_Vb3_add_sd1 V SaveCurrent=1 
R:R2  case1_vin_lna_ss2 N__371 R=1 MOhm Noise=yes 
Short:DC_Block154  case3_voutn_lna_sd1 N__145 Mode=1 
Port:Term123  N__363 0 Num=10 Z=case2_Zout_mn1 Ohm Noise=yes 
V_Source:SRC157  case1_vdd_mx_sd1 0 Type="V_DC" Vdc=case1_Vdd_mx_sd1 V SaveCurrent=1 

case2_Vb_mnlo_mx_dd1=0.0
case2_Vb_mnlo_mx_dd2=0.5

case2_Vb_mn1_1=0.5
case2_Vb_mn1_2=0.5
case2_Vb_mn1_3=0.5
V_Source:SRC185  case2_vb_mn1_3 0 Type="V_DC" Vdc=case2_Vb_mn1_3 V SaveCurrent=1 

case2_Vdd_lna_ss1=2.0
case2_Vb_lna_ss1=1.47
case2_Vdd_lna_ss2=2.5
case2_Vb_lna_ss2=1.5

case1_Vb_mnlo_mx_sd1=2.5
case3_LNA_sd1:X15  case3_vin_lna_sd1 case3_voutp_lna_sd1 case3_voutn_lna_sd1 case3_vdd_lna_sd1 case3_gnd case3_vb1_lna_sd1 case3_vb2_lna_sd1 
aele case2_Vin_fund_lna_ss2=mix(HB.case2_vin_lna_ss2,{0,1});case2_Vout_fund_lna_ss2=mix(HB.case2_vout_lna_ss2,{0,1});case2_VoutDC_lna_ss2=DC.case2_vout_lna_ss2;
MNlo_1_P:X86  case3_LO_Ip_mx_dd1 case3_LO_Ip_mxin_dd1 case3_vb_mnlo_mx_dd1 

case1=0
case2=0
case3=1.0
MNlo_1_P:X85  case3_LO_Qp_mx_dd1 case3_LO_Qp_mxin_dd1 case3_vb_mnlo_mx_dd1 
Port:Term125  N__343 0 Num=12 Z=case3_Zout_mn1 Ohm Noise=yes 
V_Source:SRC251  N__371 0 Type="V_DC" Vdc=case1_VoutDC_mn1 V SaveCurrent=1 
V_Source:SRC160  case2_vdd_mx_dd2 0 Type="V_DC" Vdc=case2_Vdd_mx_dd2 SaveCurrent=1 
Port:Term98  N__5 0 Num=2 Z=case2_Zin_mn2 Ohm Noise=yes 
MNlo_1_N:X89  case3_LO_In_mx_dd2 case3_LO_In_mxin_dd2 case3_vb_mnlo_mx_dd2 

case3_Vb_mn3_1_p=1.05
case3_Vb_mn3_1_n=case3_Vb_mn3_1_p
case3_Vb_mn3_2_p=0.8
case3_Vb_mn3_2_n=case3_Vb_mn3_2_p
Port:Term101  N__145 0 Num=47 Z=case3_Zinn_mn2 Ohm Noise=yes 
MNlo_1_P:X81  case2_LO_Ip_mx_dd1 case2_LO_Ip_mxin_dd1 case2_vb_mnlo_mx_dd1 
aele case2_Vin_fund_lna_ss0=mix(HB.case2_vin_lna_ss0,{0,1});case2_Vout_fund_lna_ss0=case2_Vin_fund_lna_ss0;case2_VoutDC_lna_ss0=DC.case2_vin_lna_ss0;
V_Source:SRC218  case3_vb_mn2_1_n 0 Type="V_DC" Vdc=case3_Vb_mn2_1_n V SaveCurrent=1 

case3_Vb_mnlo_mx_dd1=0.0
case3_Vb_mnlo_mx_dd2=1.4
V_Source:SRC199  case2_vb2_add_sd1 0 Type="V_DC" Vdc=case2_Vb2_add_sd1 V SaveCurrent=1 
V_Source:SRC139  case2_vdd_add_sd2 0 Type="V_DC" Vdc=case2_Vdd_add_sd2 V SaveCurrent=1 
HB:HB2 MaxOrder=5 Freq[1]=LOfreq GHz Freq[2]=RFfreq GHz Order[1]=11 Order[2]=3 StatusLevel=2 FundOversample=1 \
Restart=no OutputBudgetIV=no \
HBSS_WSP=0 SweepVar="RFfreq" SweepPlan="HB2_stim" OutputPlan="HB2_Output" UseKrylov=0 SamanskiiConstant=2 \


SweepPlan: HB2_stim Start=0.5 Stop=6.5 Step=0.1

OutputPlan:HB2_Output \
      Type="Output" \
      UseNodeNestLevel=yes \
      NodeNestLevel=2 \
      UseEquationNestLevel=yes \
      EquationNestLevel=2 \
      UseSavedEquationNestLevel=yes \
      SavedEquationNestLevel=2 \
      SavedEquationName[1]="case1_VoutDC" \
      SavedEquationName[2]="case1_Vout_fund" \
      SavedEquationName[3]="case2_VoutDC" \
      SavedEquationName[4]="case2_Vout_fund" \
      SavedEquationName[5]="case3_VoutnDC" \
      SavedEquationName[6]="case3_Voutn_fund" \
      SavedEquationName[7]="case3_VoutpDC" \
      SavedEquationName[8]="case3_Voutp_fund" \
      UseDeviceCurrentNestLevel=no \
      DeviceCurrentNestLevel=0 \
      DeviceCurrentDeviceType="All" \
      DeviceCurrentSymSyntax=yes \
      UseCurrentNestLevel=yes \
      CurrentNestLevel=999 \
      UseDeviceVoltageNestLevel=no \
      DeviceVoltageNestLevel=0 \
      DeviceVoltageDeviceType="All"

Tran:HB2_tran HB_Sol=1 SteadyState=1 StatusLevel=3 \
Freq[1]=LOfreq GHz Order[1]=11 

Component:tahb_HB2 Module="ATAHB" Type="ModelExtractor" \ 
 Tran_Analysis="HB2_tran" HB_Analysis="HB2" 


case2_Zin_mn2=file{DAC8, "case2_Zin_mn2"}
V_Source:SRC214  case3_LO_Qn_mx_dd1 0 Type="V_1Tone" V[1]=polar(1.2,270) V Freq[1]=LOfreq GHz    Vac=polar(1,0) V SaveCurrent=1 
aele case1_Vout_fund=case1_lna_ss0*case1_Vout_fund_lna_ss0+case1_lna_ss1*case1_Vout_fund_lna_ss1+case1_lna_ss2*case1_Vout_fund_lna_ss2;case1_VoutDC=case1_lna_ss0*case1_VoutDC_lna_ss0+case1_lna_ss1*case1_VoutDC_lna_ss1+case1_lna_ss2*case1_VoutDC_lna_ss2;
aele case1_Vin_fund_lna_ss0=mix(HB.case1_vin_lna_ss0,{0,1});case1_Vout_fund_lna_ss0=case1_Vin_fund_lna_ss0;case1_VoutDC_lna_ss0=DC.case1_vin_lna_ss0;
V_Source:SRC141  case3_vdd_add_dd1 0 Type="V_DC" Vdc=case3_Vdd_add_dd1 V SaveCurrent=1 
V_Source:SRC260  N__351 0 Type="V_1Tone" V[1]=case2_Vout_mn1 V Freq[1]=RFfreq GHz    Vdc=case2_VoutDC_mn1 V Vac=case2_Vout_mn1 V SaveCurrent=1 
V_Source:SRC172  case1_LO_In_mx_sd1 0 Type="V_1Tone" V[1]=polar(1.2,180) V Freq[1]=LOfreq GHz    Vac=polar(1,0) V SaveCurrent=1 
V_Source:SRC168  case1_vb_mn1_2 0 Type="V_DC" Vdc=case1_Vb_mn1_2 V SaveCurrent=1 
V_Source:SRC208  case3_LO_In_mx_dd1 0 Type="V_1Tone" V[1]=polar(1.2,180) V Freq[1]=LOfreq GHz    Vac=polar(1,0) V SaveCurrent=1 
#uselib "ckt" , "DAC"
DAC:DAC5  File="/home/local/ace/hy7557/rf_rx_0306_wrk/HB_MN1_a_0618.ds" Type="dataset" Block="aele_59.HB2.HB" InterpMode="linear" InterpDom="ri" ExtrapMode="interpMode" iVar1="RFfreq" iVal1=RFfreq 
V_Source:SRC175  case1_LO_Qn_mx_sd1 0 Type="V_1Tone" V[1]=polar(1.2,270) V Freq[1]=LOfreq GHz    Vac=polar(1,0) V SaveCurrent=1 
Port:Term99  N__109 0 Num=3 Z=case2_Zin_mn2 Ohm Noise=yes 
V_Source:SRC216  case3_vb_mn2_1_p 0 Type="V_DC" Vdc=case3_Vb_mn2_1_p SaveCurrent=1 

case2_lna_ss0=0.0
case2_lna_ss1=1.0
case2_lna_ss2=0.0
MNlo_1_N:X92  case3_LO_In_mx_dd1 case3_LO_In_mxin_dd1 case3_vb_mnlo_mx_dd1 
R:R5  case3_vin_lna_sd1 N__336 R=1 MOhm Noise=yes 
V_Source:SRC254  N__336 0 Type="V_DC" Vdc=case3_VoutDC_mn1 V SaveCurrent=1 
V_Source:SRC227  N__343 0 Type="V_1Tone" V[1]=case3_Vout_mn1 V Freq[1]=RFfreq GHz    Vdc=case3_VoutDC_mn1 V Vac=case3_Vout_mn1 V SaveCurrent=1 
Port:Term100  N__144 0 Num=46 Z=case3_Zinp_mn2 Ohm Noise=yes 
aele case1_Vin_fund_lna_ss2=mix(HB.case1_vin_lna_ss2,{0,1});case1_Vout_fund_lna_ss2=mix(HB.case1_vout_lna_ss2,{0,1});case1_VoutDC_lna_ss2=DC.case1_vout_lna_ss2;

case3_add_dd0=1.0
case3_add_dd1=0.0
V_Source:SRC171  case1_vb_lna_ss1 0 Type="V_DC" Vdc=case1_Vb_lna_ss1 V SaveCurrent=1 
Short:DC_Block152  case2_vout_lna_ss2 N__109 Mode=1 
Port:Term119  N__239 0 Num=6 Z=case2_Zout_mn1 Ohm Noise=yes 
MNlo_1_P:X74  case1_LO_Ip_mx_sd1 case1_LO_Ip_mxin_sd1 case1_vb_mnlo_mx_sd1 

case1_Zout_mn1=file{DAC1, "case1_Zout_mn1"}
V_Source:SRC161  case3_vdd_mx_dd2 0 Type="V_DC" Vdc=case3_Vdd_mx_dd2 V SaveCurrent=1 
#uselib "ckt" , "DAC"
DAC:DAC1  File="/home/local/ace/hy7557/rf_rx_0306_wrk/HB_Z1_a_0618.ds" Type="dataset" Block="aele_105.HB2.HB" InterpMode="linear" InterpDom="ri" ExtrapMode="interpMode" iVar1="RFfreq" iVal1=RFfreq 

case3_VoutDC_mn1=file{DAC11, "case3_VoutDC_mn1"}
V_Source:SRC253  N__360 0 Type="V_DC" Vdc=case2_VoutDC_mn1 V SaveCurrent=1 

case3_Vout_mn1=file{DAC12, "case3_Vout_fund"}

case3_Zinp_mn2=file{DAC9, "case3_Zinp_mn2"}
case3_Zinn_mn2=file{DAC13, "case3_Zinn_mn2"}
MNlo_1_P:X78  case2_LO_Ip_mx_dd2 case2_LO_Ip_mxin_dd2 case2_vb_mnlo_mx_dd2 
V_Source:SRC151  case3_vb_mn3_1_n 0 Type="V_DC" Vdc=case3_Vb_mn3_1_n V SaveCurrent=1 

case3_mx_dd1=0.0
case3_mx_dd2=1.0
V_Source:SRC252  N__359 0 Type="V_DC" Vdc=case2_VoutDC_mn1 V SaveCurrent=1 
V_Source:SRC159  case2_vb_mx_dd2 0 Type="V_DC" Vdc=case2_Vb_mx_dd2 V SaveCurrent=1 
MNlo_1_P:X75  case1_LO_Qp_mx_sd1 case1_LO_Qp_mxin_sd1 case1_vb_mnlo_mx_sd1 
V_Source:SRC176  case1_vb_mn1_3 0 Type="V_DC" Vdc=case1_Vb_mn1_3 V SaveCurrent=1 
Short:DC_Block148  case1_vout_lna_ss1 N__131 Mode=1 
Short:DC_Block147  case1_vin_lna_ss0 N__4 Mode=1 
case1_LNA_ss2:X17  case1_vin_lna_ss2 case1_vout_lna_ss2 case1_vdd_lna_ss2 case1_gnd case1_vb_lna_ss2 
V_Source:SRC209  case3_LO_Qn_mx_dd2 0 Type="V_1Tone" V[1]=polar(1.2,270) V Freq[1]=LOfreq GHz    Vac=polar(1,0) V SaveCurrent=1 

case1_mx_sd1=1.0
aele case3_Vin_fund_lna_sd1=mix(HB.case3_vin_lna_sd1,{0,1});case3_Voutp_fund_lna_sd1=mix(HB.case3_voutp_lna_sd1,{0,1});case3_Voutn_fund_lna_sd1=mix(HB.case3_voutn_lna_sd1,{0,1});case3_VoutpDC_lna_sd1=DC.case3_voutp_lna_sd1;case3_VoutnDC_lna_sd1=DC.case3_voutn_lna_sd1;
V_Source:SRC205  case3_vb_mnlo_mx_dd1 0 Type="V_DC" Vdc=case3_Vb_mnlo_mx_dd1 V SaveCurrent=1 
#uselib "ckt" , "DAC"
DAC:DAC9  File="/home/local/ace/hy7557/rf_rx_0306_wrk/HB_Z4_a_0618.ds" Type="dataset" Block="aele_120.HB2.HB" InterpMode="linear" InterpDom="ri" ExtrapMode="interpMode" iVar1="RFfreq" iVal1=RFfreq 
Short:DC_Block153  case3_voutp_lna_sd1 N__144 Mode=1 
MNlo_1_N:X83  case2_LO_Qn_mx_dd2 case2_LO_Qn_mxin_dd2 case2_vb_mnlo_mx_dd2 
V_Source:SRC197  case2_vb1_add_sd1 0 Type="V_DC" Vdc=case2_Vb1_add_sd1 V SaveCurrent=1 
V_Source:SRC192  case2_LO_In_mx_dd1 0 Type="V_1Tone" V[1]=polar(1.2,180) V Freq[1]=LOfreq GHz    Vac=polar(1,0) V SaveCurrent=1 

case1_mn1_0=1.0
case1_mn1_1=0.0
case1_mn1_2=0.0
case1_mn1_3=0.0
case1_mn1_4=0.0
case1_mn1_5=0.0

case2_Vdd_add_sd1=2.5
case2_Vb1_add_sd1=1.5
case2_Vb2_add_sd1=1.8
case2_Vb3_add_sd1=1.9
case2_Vdd_add_sd2=2.5
case2_Vb_add_sd2=1.5
V_Source:SRC204  case3_vb1_lna_sd1 0 Type="V_DC" Vdc=case3_Vb1_lna_sd1 V SaveCurrent=1 
Short:DC_Block64  N__87 case1_vin_lna_ss1 Mode=1 
V_Source:SRC178  case2_vb_mn2_2 0 Type="V_DC" Vdc=case2_Vb_mn2_2 V SaveCurrent=1 

case3_Vb_mn2_1_p=0.5
case3_Vb_mn2_1_n=case3_Vb_mn2_1_p
case3_Vb_mn2_2_p=0.8
case3_Vb_mn2_2_n=case3_Vb_mn2_2_p
case3_Vb_mn2_3_p=0.5
case3_Vb_mn2_3_n=case3_Vb_mn2_3_p

case3_mn2_0_p=1.0
case3_mn2_0_n=case3_mn2_0_p
case3_mn2_1_p=0.0
case3_mn2_1_n=case3_mn2_1_p
case3_mn2_2_p=0.0
case3_mn2_2_n=case3_mn2_2_p
case3_mn2_3_p=0.0
case3_mn2_3_n=case3_mn2_3_p
case3_mn2_4_p=0.0
case3_mn2_4_n=case3_mn2_4_p
case3_mn2_5_p=0.0
case3_mn2_5_n=case3_mn2_5_p
Short:DC_Block149  case1_vout_lna_ss2 N__132 Mode=1 
MNlo_1_N:X91  case3_LO_Qn_mx_dd2 case3_LO_Qn_mxin_dd2 case3_vb_mnlo_mx_dd2 
R:R3  case2_vin_lna_ss1 N__359 R=1 MOhm Noise=yes 

case3_mn1_0=1.0
case3_mn1_1=0.0
case3_mn1_2=0.0
case3_mn1_3=0.0
case3_mn1_4=0.0
case3_mn1_5=0.0
V_Source:SRC177  case1_vb_lna_ss2 0 Type="V_DC" Vdc=case1_Vb_lna_ss2 V SaveCurrent=1 
V_Source:SRC222  case3_vb_mn2_2_n 0 Type="V_DC" Vdc=case3_Vb_mn2_2_n V SaveCurrent=1 
V_Source:SRC219  case3_vb_mn2_3_n 0 Type="V_DC" Vdc=case3_Vb_mn2_3_n V SaveCurrent=1 

case1_add_ss0=1.0
V_Source:SRC183  case2_LO_Qp_mx_dd1 0 Type="V_1Tone" V[1]=polar(1.2,90) V Freq[1]=LOfreq GHz    Vac=polar(1,0) V SaveCurrent=1 
V_Source:SRC156  case3_vb_mn3_2_p 0 Type="V_DC" Vdc=case3_Vb_mn3_2_p V SaveCurrent=1 

case3_Vdd_add_dd1=2.0
V_Source:SRC206  case3_LO_Ip_mx_dd1 0 Type="V_1Tone" V[1]=polar(1.2,0) V Freq[1]=LOfreq GHz    Vac=polar(1,0) V SaveCurrent=1 
V_Source:SRC142  case1_vb_mn3_1 0 Type="V_DC" Vdc=case1_Vb_mn3_1 V SaveCurrent=1 

case3_Vdd_mx_dd2=2.5
case3_Vb_mx_dd2=0.5
MNlo_1_N:X73  case1_LO_In_mx_sd1 case1_LO_In_mxin_sd1 case1_vb_mnlo_mx_sd1 
V_Source:SRC143  case1_vdd_lna_ss1 0 Type="V_DC" Vdc=case1_Vdd_lna_ss1 V SaveCurrent=1 
V_Source:SRC210  case3_vb_mn2_2_p 0 Type="V_DC" Vdc=case3_Vb_mn2_2_p V SaveCurrent=1 
aele case2_Vin_fund_lna_ss1=mix(HB.case2_vin_lna_ss1,{0,1});case2_Vout_fund_lna_ss1=mix(HB.case2_vout_lna_ss1,{0,1});case2_VoutDC_lna_ss1=DC.case2_vout_lna_ss1;

case2_add_sd1=1.0
case2_add_sd2=0.0

case2_Vb_mn2_1=0.5
case2_Vb_mn2_2=0.8
case2_Vb_mn2_3=0.5

case1_lna_ss0=0.0
case1_lna_ss1=1.0
case1_lna_ss2=0.0
#uselib "ckt" , "DAC"
DAC:DAC10  File="/home/local/ace/hy7557/rf_rx_0306_wrk/HB_Z1_a_0618.ds" Type="dataset" Block="aele_99.HB2.HB" InterpMode="linear" InterpDom="ri" ExtrapMode="interpMode" iVar1="RFfreq" iVal1=RFfreq 
Port:Term97  N__132 0 Num=45 Z=case1_Zin_mn2 Ohm Noise=yes 
V_Source:SRC144  case1_vb_mn3_2 0 Type="V_DC" Vdc=case1_Vb_mn3_2 V SaveCurrent=1 
V_Source:SRC173  case1_LO_Qp_mx_sd1 0 Type="V_1Tone" V[1]=polar(1.2,90) V Freq[1]=LOfreq GHz    Vac=polar(1,0) V SaveCurrent=1 
V_Source:SRC174  case1_LO_Ip_mx_sd1 0 Type="V_1Tone" V[1]=polar(1.2,0) V Freq[1]=LOfreq GHz    Vac=polar(1,0) V SaveCurrent=1 
V_Source:SRC202  case3_gnd 0 Type="V_DC" Vdc=0.0 V SaveCurrent=1 
MNlo_1_N:X76  case1_LO_Qn_mx_sd1 case1_LO_Qn_mxin_sd1 case1_vb_mnlo_mx_sd1 
Port:Term7  N__131 0 Num=1 Z=case1_Zin_mn2 Ohm Noise=yes 
Port:Term124  N__351 0 Num=11 Z=case2_Zout_mn1 Ohm Noise=yes 

case2_mn3_1_p=1.0
case2_mn3_1_n=case2_mn3_1_p
case2_mn3_2_p=0.0
case2_mn3_2_n=case2_mn3_2_p
case2_mn3_4_p=0.0
case2_mn3_4_n=case2_mn3_4_p
V_Source:SRC137  case1_vb_mn2_2 0 Type="V_DC" Vdc=case1_Vb_mn2_2 V SaveCurrent=1 
V_Source:SRC158  case1_vb_mx_sd1 0 Type="V_DC" Vdc=case1_Vb_mx_sd1 V SaveCurrent=1 

case1_Vb_mn3_1=1.0
case1_Vb_mn3_2=0.8
MNlo_1_P:X79  case2_LO_Qp_mx_dd2 case2_LO_Qp_mxin_dd2 case2_vb_mnlo_mx_dd2 

case3_Zout_mn1=file{DAC10, "case3_Zout_mn1"}
V_Source:SRC213  case3_LO_Qp_mx_dd1 0 Type="V_1Tone" V[1]=polar(1.2,90) V Freq[1]=LOfreq GHz    Vac=polar(1,0) V SaveCurrent=1 
V_Source:SRC145  case2_vb_mn3_1_n 0 Type="V_DC" Vdc=case2_Vb_mn3_1_n V SaveCurrent=1 
Port:Term117  N__242 0 Num=4 Z=case1_Zout_mn1 Ohm Noise=yes 
V_Source:SRC188  case2_LO_Qp_mx_dd2 0 Type="V_1Tone" V[1]=polar(1.2,90) V Freq[1]=LOfreq GHz    Vac=polar(1,0) V SaveCurrent=1 

case1_Vb_mn1_1=0.5
case1_Vb_mn1_2=0.5
case1_Vb_mn1_3=0.5

case3_mn3_1_p=1.0
case3_mn3_1_n=case3_mn3_1_p
case3_mn3_2_p=0.0
case3_mn3_2_n=case3_mn3_2_p
case3_mn3_4_p=0.0
case3_mn3_4_n=case3_mn3_4_p
V_Source:SRC181  case2_vb_lna_ss1 0 Type="V_DC" Vdc=case2_Vb_lna_ss1 V SaveCurrent=1 
V_Source:SRC220  case3_vdd_lna_sd1 0 Type="V_DC" Vdc=case3_Vdd_lna_sd1 SaveCurrent=1 
#uselib "ckt" , "DAC"
DAC:DAC8  File="/home/local/ace/hy7557/rf_rx_0306_wrk/HB_Z4_a_0618.ds" Type="dataset" Block="aele_124.HB2.HB" InterpMode="linear" InterpDom="ri" ExtrapMode="interpMode" iVar1="RFfreq" iVal1=RFfreq 
V_Source:SRC198  case2_vb_mn2_3 0 Type="V_DC" Vdc=case2_Vb_mn2_3 V SaveCurrent=1 
Port:Term122  N__377 0 Num=9 Z=case1_Zout_mn1 Ohm Noise=yes 

case1_Vb_mn2_1=0.5
case1_Vb_mn2_2=0.8
case1_Vb_mn2_3=0.5
V_Source:SRC203  case3_vb2_lna_sd1 0 Type="V_DC" Vdc=case3_Vb2_lna_sd1 V SaveCurrent=1 

case2_mn1_0=1.0
case2_mn1_1=0.0
case2_mn1_2=0.0
case2_mn1_3=0.0
case2_mn1_4=0.0
case2_mn1_5=0.0

case2_Vb_mn3_1_p=1.0
case2_Vb_mn3_1_n=case2_Vb_mn3_1_p
case2_Vb_mn3_2_p=0.8
case2_Vb_mn3_2_n=case2_Vb_mn3_2_p
V_Source:SRC167  case1_gnd 0 Type="V_DC" Vdc=0.0 V SaveCurrent=1 
V_Source:SRC215  case3_vb_mn1_2 0 Type="V_DC" Vdc=case3_Vb_mn1_2 V SaveCurrent=1 
Port:Term120  N__8 0 Num=7 Z=case2_Zin_mn2 Ohm Noise=yes 
#uselib "ckt" , "DAC"
DAC:DAC13  File="/home/local/ace/hy7557/rf_rx_0306_wrk/HB_Z4_a_0618.ds" Type="dataset" Block="aele_121.HB2.HB" InterpMode="linear" InterpDom="ri" ExtrapMode="interpMode" iVar1="RFfreq" iVal1=RFfreq 
#uselib "ckt" , "DAC"
DAC:DAC12  File="/home/local/ace/hy7557/rf_rx_0306_wrk/HB_MN1_a_0618.ds" Type="dataset" Block="aele_57.HB2.HB" InterpMode="linear" InterpDom="ri" ExtrapMode="interpMode" iVar1="RFfreq" iVal1=RFfreq 
V_Source:SRC201  case3_vb_mn1_3 0 Type="V_DC" Vdc=case3_Vb_mn1_3 V SaveCurrent=1 
MNlo_1_P:X88  case3_LO_Ip_mx_dd2 case3_LO_Ip_mxin_dd2 case3_vb_mnlo_mx_dd2 
Short:DC_Block66  N__363 case2_vin_lna_ss1 Mode=1 
Short:DC_Block150  case2_vin_lna_ss0 N__8 Mode=1 
#uselib "ckt" , "DAC"
DAC:DAC6  File="/home/local/ace/hy7557/rf_rx_0306_wrk/DC_VDC1_a_0618.ds" Type="dataset" Block="aele_0.DC1" InterpMode="linear" InterpDom="ri" ExtrapMode="interpMode" iVar1="freq" iVal1=freq 
MNlo_1_N:X90  case3_LO_Qn_mx_dd1 case3_LO_Qn_mxin_dd1 case3_vb_mnlo_mx_dd1 
V_Source:SRC261  N__87 0 Type="V_1Tone" V[1]=case1_Vout_mn1 V Freq[1]=RFfreq GHz    Vdc=case1_VoutDC_mn1 V Vac=case1_Vout_mn1 V SaveCurrent=1 
V_Source:SRC262  N__377 0 Type="V_1Tone" V[1]=case1_Vout_mn1 V Freq[1]=RFfreq GHz    Vdc=case1_VoutDC_mn1 V Vac=case1_Vout_mn1 V SaveCurrent=1 
MNlo_1_P:X87  case3_LO_Qp_mx_dd2 case3_LO_Qp_mxin_dd2 case3_vb_mnlo_mx_dd2 
V_Source:SRC256  case2_vin_lna_ss0 0 Type="V_1Tone" V[1]=case2_Vout_mn1 V Freq[1]=RFfreq GHz    Vdc=case2_VoutDC_mn1 V Vac=case2_Vout_mn1 V SaveCurrent=1 
V_Source:SRC165  case1_vb_mn2_3 0 Type="V_DC" Vdc=case1_Vb_mn2_3 V SaveCurrent=1 
V_Source:SRC195  case2_vb_mnlo_mx_dd1 0 Type="V_DC" Vdc=case2_Vb_mnlo_mx_dd1 SaveCurrent=1 
V_Source:SRC211  case3_LO_In_mx_dd2 0 Type="V_1Tone" V[1]=polar(1.2,180) V Freq[1]=LOfreq GHz    Vac=polar(1,0) V SaveCurrent=1 
MNlo_1_N:X77  case2_LO_Qn_mx_dd1 case2_LO_Qn_mxin_dd1 case2_vb_mnlo_mx_dd1 
V_Source:SRC170  case1_vb_mn1_1 0 Type="V_DC" Vdc=case1_Vb_mn1_1 V SaveCurrent=1 
V_Source:SRC196  case2_vb_mn2_1 0 Type="V_DC" Vdc=case2_Vb_mn2_1 SaveCurrent=1 
V_Source:SRC193  case2_vdd_add_sd1 0 Type="V_DC" Vdc=case2_Vdd_add_sd1 SaveCurrent=1 
V_Source:SRC164  case1_vb_mn2_1 0 Type="V_DC" Vdc=case1_Vb_mn2_1 V SaveCurrent=1 

case1_mn3_0=1.0
case1_mn3_1=0.0
case1_mn3_2=0.0
case1_mn3_4=0.0

case2_Vdd_mx_dd2=2.5
case2_Vb_mx_dd2=0.5
V_Source:SRC194  case2_LO_Qn_mx_dd1 0 Type="V_1Tone" V[1]=polar(1.2,270) V Freq[1]=LOfreq GHz    Vac=polar(1,0) V SaveCurrent=1 
V_Source:SRC146  case2_vb_mn3_1_p 0 Type="V_DC" Vdc=case2_Vb_mn3_1_p SaveCurrent=1 
V_Source:SRC189  case2_LO_Qn_mx_dd2 0 Type="V_1Tone" V[1]=polar(1.2,270) V Freq[1]=LOfreq GHz    Vac=polar(1,0) V SaveCurrent=1 
V_Source:SRC217  case3_vb_mn1_1 0 Type="V_DC" Vdc=case3_Vb_mn1_1 SaveCurrent=1 

case1_Vdd_mx_sd1=2.5
case1_Vb_mx_sd1=1.6
V_Source:SRC163  case1_vb_mnlo_mx_sd1 0 Type="V_DC" Vdc=case1_Vb_mnlo_mx_sd1 V SaveCurrent=1 

case3_Vdd_lna_sd1=2.5
case3_Vb1_lna_sd1=1.4
case3_Vb2_lna_sd1=0.6
aele case1_Vin_fund_lna_ss1=mix(HB.case1_vin_lna_ss1,{0,1});case1_Vout_fund_lna_ss1=mix(HB.case1_vout_lna_ss1,{0,1});case1_VoutDC_lna_ss1=DC.case1_vout_lna_ss1;
case2_LNA_ss2:X94  case2_vin_lna_ss2 case2_vout_lna_ss2 case2_vdd_lna_ss2 case2_gnd case2_vb_lna_ss2 
MNlo_1_N:X84  case2_LO_In_mx_dd1 case2_LO_In_mxin_dd1 case2_vb_mnlo_mx_dd1 
Short:DC_Block143  N__242 case1_vin_lna_ss0 Mode=1 
Short:DC_Block67  N__343 case3_vin_lna_sd1 Mode=1 
aele case3_Voutp_fund=case3_lna_sd1*case3_Voutp_fund_lna_sd1;case3_Voutn_fund=case3_lna_sd1*case3_Voutn_fund_lna_sd1;case3_VoutpDC=case3_lna_sd1*case3_VoutpDC_lna_sd1;case3_VoutnDC=case3_lna_sd1*case3_VoutnDC_lna_sd1;
V_Source:SRC182  case2_LO_Ip_mx_dd1 0 Type="V_1Tone" V[1]=polar(1.2,0) V Freq[1]=LOfreq GHz    Vac=polar(1,0) V SaveCurrent=1 
Short:DC_Block65  N__377 case1_vin_lna_ss2 Mode=1 

case2_Zout_mn1=file{DAC7, "case2_Zout_mn1"}
V_Source:SRC154  case3_vb_mn3_2_n 0 Type="V_DC" Vdc=case3_Vb_mn3_2_n V SaveCurrent=1 

case2_mn2_0=1.0
case2_mn2_1=0.0
case2_mn2_2=0.0
case2_mn2_3=0.0
case2_mn2_4=0.0
case2_mn2_5=0.0
V_Source:SRC180  case2_vb_mnlo_mx_dd2 0 Type="V_DC" Vdc=case2_Vb_mnlo_mx_dd2 V SaveCurrent=1 

case3_Vb_mn1_1=0.5
case3_Vb_mn1_2=0.5
case3_Vb_mn1_3=0.5

case2_mx_dd1=0.0
case2_mx_dd2=1.0
V_Source:SRC150  case2_vb_mn3_2_p 0 Type="V_DC" Vdc=case2_Vb_mn3_2_p V SaveCurrent=1 
case2_LNA_ss1:X93  case2_vin_lna_ss1 case2_vout_lna_ss1 case2_vdd_lna_ss1 case2_gnd case2_vb_lna_ss1 
R:R4  case2_vin_lna_ss2 N__360 R=1 MOhm Noise=yes 

case1_mn2_0=1.0
case1_mn2_1=0.0
case1_mn2_2=0.0
case1_mn2_3=0.0
case1_mn2_4=0.0
case1_mn2_5=0.0
V_Source:SRC162  case3_vb_mx_dd2 0 Type="V_DC" Vdc=case3_Vb_mx_dd2 V SaveCurrent=1 
V_Source:SRC152  case3_vb_mn3_1_p 0 Type="V_DC" Vdc=case3_Vb_mn3_1_p V SaveCurrent=1 
V_Source:SRC179  case2_vb_mn1_1 0 Type="V_DC" Vdc=case2_Vb_mn1_1 V SaveCurrent=1 
Short:DC_Block62  case2_vin_lna_ss2 N__351 Mode=1 
case1_LNA_ss1:X16  case1_vin_lna_ss1 case1_vout_lna_ss1 case1_vdd_lna_ss1 case1_gnd case1_vb_lna_ss1 

case3_lna_sd1=1.0
V_Source:SRC250  N__367 0 Type="V_DC" Vdc=case1_VoutDC_mn1 V SaveCurrent=1 
aele case2_Vout_fund=case2_lna_ss0*case2_Vout_fund_lna_ss0+case2_lna_ss1*case2_Vout_fund_lna_ss1+case2_lna_ss2*case2_Vout_fund_lna_ss2;case2_VoutDC=case2_lna_ss0*case2_VoutDC_lna_ss0+case2_lna_ss1*case2_VoutDC_lna_ss1+case2_lna_ss2*case2_VoutDC_lna_ss2;
V_Source:SRC212  case3_LO_Ip_mx_dd2 0 Type="V_1Tone" V[1]=polar(1.2,0) V Freq[1]=LOfreq GHz    Vac=polar(1,0) V SaveCurrent=1 
Port:Term121  N__87 0 Num=8 Z=case1_Zout_mn1 Ohm Noise=yes 
Short:DC_Block146  N__239 case2_vin_lna_ss0 Mode=1 
V_Source:SRC255  case1_vin_lna_ss0 0 Type="V_1Tone" V[1]=case1_Vout_mn1 V Freq[1]=RFfreq GHz    Vdc=case1_VoutDC_mn1 V Vac=case1_Vout_mn1 V SaveCurrent=1 
V_Source:SRC138  case2_vb_add_sd2 0 Type="V_DC" Vdc=case2_Vb_add_sd2 V SaveCurrent=1 
#uselib "ckt" , "DAC"
DAC:DAC7  File="/home/local/ace/hy7557/rf_rx_0306_wrk/HB_Z1_a_0618.ds" Type="dataset" Block="aele_102.HB2.HB" InterpMode="linear" InterpDom="ri" ExtrapMode="interpMode" iVar1="RFfreq" iVal1=RFfreq 

case2_VoutDC_mn1=file{DAC6, "case2_VoutDC_mn1"}

case1_VoutDC_mn1=file{DAC4, "case1_VoutDC_mn1"}
