; PUBLIC DEMO NETLIST
; This file shows the RX testbench topology and parameterization
; used by CONTOUR. It omits proprietary foundry model includes.
; Generate your own schematic design in ADS and extract the netlist.
; THIS FILE IS ONLY AN EXAMPLE

; Top Design: "rf_rx_lib:HB_MX_a_0618:schematic"
; Netlisted using Hierarchy Policy: "Standard"

Options ResourceUsage=yes UseNutmegFormat=no EnableOptim=no TopDesignName="rf_rx_lib:HB_MX_a_0618:schematic" DcopOutputNodeVoltages=yes DcopOutputPinCurrents=yes DcopOutputAllSweepPoints=no DcopOutputDcopType=2
; Library Name: rf_rx_lib
; Cell Name: MNlo_1_N
; View Name: schematic
define MNlo_1_N ( vin  vout  vb ) 
;parameters 
#ifndef inc_rf__rx__lib_3aMNlo__1__N_3aschematic__130nm__bulk_2enet
#define inc_rf__rx__lib_3aMNlo__1__N_3aschematic__130nm__bulk_2enet 1
#include "/home/local/ace/hy7557/rf_rx_0306_wrk/130nm_bulk.net"
#endif
R:R1  vout vb R=20 kOhm Noise=yes 
C:C1  vin vout C=10 nF 
end MNlo_1_N

; Library Name: rf_rx_lib
; Cell Name: MNlo_1_P
; View Name: schematic
define MNlo_1_P ( vin  vout  vb ) 
;parameters 
#ifndef inc_rf__rx__lib_3aMNlo__1__P_3aschematic__130nm__bulk_2enet
#define inc_rf__rx__lib_3aMNlo__1__P_3aschematic__130nm__bulk_2enet 1
#include "/home/local/ace/hy7557/rf_rx_0306_wrk/130nm_bulk.net"
#endif
R:R1  vout vb R=20 kOhm Noise=yes 
C:C1  vin vout C=1 nF 
end MNlo_1_P

; Library Name: rf_rx_lib
; Cell Name: case1_MX_sd1
; View Name: schematic
define case1_MX_sd1 ( vin  voutp  voutn  vlop  vlon  vdd  gnd  vb ) 
;parameters 
#ifndef inc_rf__rx__lib_3acase1__MX__sd1_3aschematic__130nm__bulk_2enet
#define inc_rf__rx__lib_3acase1__MX__sd1_3aschematic__130nm__bulk_2enet 1
#include "/home/local/ace/hy7557/rf_rx_0306_wrk/130nm_bulk.net"
#endif
"nmos":MOSFET1  mx_voutp vlop vin gnd Length=L1 um Width=1um Mode=1 Noise=yes _M=W1 
"nmos":MOSFET2  vin vlon mx_voutn gnd Length=L1 um Width=1um Mode=1 Noise=yes _M=W1 
"pmos":MOSFET5  vdd vb N__14 vdd Length=L2 um Width=1 um Mode=1 Noise=yes _M=W2 
"pmos":MOSFET3  N__14 mx_voutp voutp N__14 Length=L3 um Width=1 um Mode=1 Noise=yes _M=W3 
"pmos":MOSFET4  N__14 mx_voutn voutn N__14 Length=L3 um Width=1 um Mode=1 Noise=yes _M=W3 
R:R2  voutn gnd R=R_l Ohm Noise=yes 
R:R1  voutp gnd R=R_l Ohm Noise=yes 

L1=0.130
W1=5
L2=0.130
W2=50
L3=0.130
W3=30
R_l=400
end case1_MX_sd1

; Library Name: rf_rx_lib
; Cell Name: case2_MX_dd1
; View Name: schematic
define case2_MX_dd1 ( vinp  vinn  voutp  voutn  gnd  vlop  vlon ) 
;parameters 
#ifndef inc_rf__rx__lib_3acase2__MX__dd1_3aschematic__130nm__bulk_2enet
#define inc_rf__rx__lib_3acase2__MX__dd1_3aschematic__130nm__bulk_2enet 1
#include "/home/local/ace/hy7557/rf_rx_0306_wrk/130nm_bulk.net"
#endif
"nmos":MOSFET1  voutp vlop vinp gnd Length=L1 um Width=1um Mode=1 Noise=yes _M=W1 
"nmos":MOSFET2  vinp vlon voutn gnd Length=L1 um Width=1um Mode=1 Noise=yes _M=W1 
"nmos":MOSFET5  vinn vlop voutn gnd Length=L1 um Width=1um Mode=1 Noise=yes _M=W1 
"nmos":MOSFET6  voutp vlon vinn gnd Length=L1 um Width=1 um Mode=1 Noise=yes _M=W1 

L1=0.35209605008565326
W1=148.1525840364363
end case2_MX_dd1

; Library Name: rf_rx_lib
; Cell Name: case2_MX_dd2
; View Name: schematic
define case2_MX_dd2 ( vinp  vinn  vlop  vlon  voutp  voutn  vb  vdd  gnd ) 
;parameters 
#ifndef inc_rf__rx__lib_3acase2__MX__dd2_3aschematic__130nm__bulk_2enet
#define inc_rf__rx__lib_3acase2__MX__dd2_3aschematic__130nm__bulk_2enet 1
#include "/home/local/ace/hy7557/rf_rx_0306_wrk/130nm_bulk.net"
#endif
"nmos":MOSFET1  voutp vlop N__5 N__5 Length=L3 um Width=1um Mode=1 Noise=yes _M=W3 
"nmos":MOSFET2  voutn vlop N__1 N__1 Length=L3 um Width=1um Mode=1 Noise=yes _M=W3 
"nmos":MOSFET3  voutn vlon N__5 N__5 Length=L3 um Width=1um Mode=1 Noise=yes _M=W3 
"nmos":MOSFET4  voutp vlon N__1 N__1 Length=L3 um Width=1um Mode=1 Noise=yes _M=W3 
R:R3  vdd voutp R=R_l Ohm Noise=yes 
R:R4  vdd voutn R=R_l Ohm Noise=yes 
"nmos":MOSFET5  N__5 vinn N__11 N__11 Length=L2 um Width=1 um Mode=1 Noise=yes _M=W2 
"nmos":MOSFET6  N__1 vinp N__11 N__11 Length=L2 um Width=1 um Mode=1 Noise=yes _M=W2 
"nmos":MOSFET7  N__11 vb gnd gnd Length=L1 um Width=1um Mode=1 Noise=yes _M=W1 

L1=0.399
W1=173.428
L2=0.495
W2=49.06
L3=0.319
W3=92.018
R_l=2000
end case2_MX_dd2

; Library Name: rf_rx_lib
; Cell Name: case3_MX_dd1
; View Name: schematic
define case3_MX_dd1 ( vinp  vinn  voutp  voutn  gnd  vlop  vlon ) 
;parameters 
#ifndef inc_rf__rx__lib_3acase3__MX__dd1_3aschematic__130nm__bulk_2enet
#define inc_rf__rx__lib_3acase3__MX__dd1_3aschematic__130nm__bulk_2enet 1
#include "/home/local/ace/hy7557/rf_rx_0306_wrk/130nm_bulk.net"
#endif
"nmos":MOSFET1  voutp vlop vinp gnd Length=L1 um Width=1um Mode=1 Noise=yes _M=W1 
"nmos":MOSFET2  vinp vlon voutn gnd Length=L1 um Width=1um Mode=1 Noise=yes _M=W1 
"nmos":MOSFET5  vinn vlop voutn gnd Length=L1 um Width=1um Mode=1 Noise=yes _M=W1 
"nmos":MOSFET6  voutp vlon vinn gnd Length=L1 um Width=1 um Mode=1 Noise=yes _M=W1 

L1=0.130
W1=5
end case3_MX_dd1

; Library Name: rf_rx_lib
; Cell Name: case3_MX_dd2
; View Name: schematic
define case3_MX_dd2 ( vinp  vinn  vlop  vlon  voutp  voutn  vb  vdd  gnd ) 
;parameters 
#ifndef inc_rf__rx__lib_3acase3__MX__dd2_3aschematic__130nm__bulk_2enet
#define inc_rf__rx__lib_3acase3__MX__dd2_3aschematic__130nm__bulk_2enet 1
#include "/home/local/ace/hy7557/rf_rx_0306_wrk/130nm_bulk.net"
#endif
"nmos":MOSFET1  voutp vlop N__5 N__5 Length=L3 um Width=1um Mode=1 Noise=yes _M=W3 
"nmos":MOSFET2  voutn vlop N__1 N__1 Length=L3 um Width=1um Mode=1 Noise=yes _M=W3 
"nmos":MOSFET3  voutn vlon N__5 N__5 Length=L3 um Width=1um Mode=1 Noise=yes _M=W3 
"nmos":MOSFET4  voutp vlon N__1 N__1 Length=L3 um Width=1um Mode=1 Noise=yes _M=W3 
R:R3  vdd voutp R=R_l Ohm Noise=yes 
R:R4  vdd voutn R=R_l Ohm Noise=yes 
"nmos":MOSFET5  N__5 vinn N__11 N__11 Length=L2 um Width=1 um Mode=1 Noise=yes _M=W2 
"nmos":MOSFET6  N__1 vinp N__11 N__11 Length=L2 um Width=1 um Mode=1 Noise=yes _M=W2 
"nmos":MOSFET7  N__11 vb gnd gnd Length=L1 um Width=1um Mode=1 Noise=yes _M=W1 

L1=0.130
W1=40
L2=0.130
W2=20
L3=0.130
W3=20
R_l=300
end case3_MX_dd2

#ifndef inc_rf__rx__lib_3aHB__MX__0618_3aschematic__130nm__bulk_2enet
#define inc_rf__rx__lib_3aHB__MX__0618_3aschematic__130nm__bulk_2enet 1
#include "/home/local/ace/hy7557/rf_rx_0306_wrk/130nm_bulk.net"
#endif

case1_VoutDC_mn3=file{DAC7, "case1_VoutDC_mn3"}
#uselib "ckt" , "DAC"
DAC:DAC5  File="/home/local/ace/hy7557/rf_rx_0306_wrk/HB_MN3_a_0618.ds" Type="dataset" Block="aele_55.HB2.HB" InterpMode="linear" InterpDom="ri" ExtrapMode="interpMode" iVar1="RFfreq" iVal1=RFfreq 
V_Source:SRC175  case1_LO_Qn_mx_sd1 0 Type="V_1Tone" V[1]=polar(1.2,270) V Freq[1]=LOfreq GHz    Vac=polar(1,0) V SaveCurrent=1 
R:R9  N__473 N__406 R=1 MOhm Noise=yes 
#uselib "ckt" , "DAC"
DAC:DAC4  File="/home/local/ace/hy7557/rf_rx_0306_wrk/HB_MN3_a_0618.ds" Type="dataset" Block="aele_57.HB2.HB" InterpMode="linear" InterpDom="ri" ExtrapMode="interpMode" iVar1="RFfreq" iVal1=RFfreq 
#uselib "ckt" , "Balun3Port"
Balun3Port:CMP14  N__78 N__87 N__100 
#uselib "ckt" , "DAC"
DAC:DAC3  File="/home/local/ace/hy7557/rf_rx_0306_wrk/HB_Z5_a_0618.ds" Type="dataset" Block="aele_90.HB2.HB" InterpMode="linear" InterpDom="ri" ExtrapMode="interpMode" iVar1="RFfreq" iVal1=RFfreq 
V_Source:SRC172  case1_LO_In_mx_sd1 0 Type="V_1Tone" V[1]=polar(1.2,180) V Freq[1]=LOfreq GHz    Vac=polar(1,0) V SaveCurrent=1 
#uselib "ckt" , "DAC"
DAC:DAC2  File="/home/local/ace/hy7557/rf_rx_0306_wrk/HB_Z5_a_0618.ds" Type="dataset" Block="aele_89.HB2.HB" InterpMode="linear" InterpDom="ri" ExtrapMode="interpMode" iVar1="RFfreq" iVal1=RFfreq 

case1_Vout_mn3=file{DAC4, "case1_Vout_fund"}
Short:case3_iinp_mx_dd1  N__473 case3_vinp_mx_dd1 Mode=0 SaveCurrent=yes 
Port:Term226  N__11 0 Num=13 Z=case2_Zoutp_mn3 Ohm Noise=yes 
MNlo_1_N:X58  case1_LO_In_mx_sd1 case1_LO_In_mxin_sd1 case1_vb_mnlo_mx_sd1 
Short:case3_iinn_mx_dd2  N__404 case3_vinn_mx_dd2 Mode=0 SaveCurrent=yes 
V_Source:SRC236  N__106 0 Type="V_1Tone" V[1]=case3_Voutp_mn3 V Freq[1]=RFfreq GHz    Vdc=case3_VoutpDC_mn3 V Vac=case3_Voutp_mn3 V SaveCurrent=1 
V_Source:SRC239  N__27 0 Type="V_1Tone" V[1]=case3_Voutn_mn3 V Freq[1]=RFfreq GHz    Vdc=case3_VoutnDC_mn3 V Vac=case3_Voutn_mn3 V SaveCurrent=1 
V_Source:SRC238  N__15 0 Type="V_1Tone" V[1]=case3_Voutp_mn3 V Freq[1]=RFfreq GHz    Vdc=case3_VoutpDC_mn3 V Vac=case3_Voutp_mn3 V SaveCurrent=1 
V_Source:SRC163  case1_vb_mnlo_mx_sd1 0 Type="V_DC" Vdc=case1_Vb_mnlo_mx_sd1 V SaveCurrent=1 
Short:DC_Block77  N__106 N__473 Mode=1 
MNlo_1_N:X63  case2_LO_In_mx_dd1 case2_LO_In_mxin_dd1 case2_vb_mnlo_mx_dd1 
MNlo_1_P:X61  case1_LO_Qp_mx_sd1 case1_LO_Qp_mxin_sd1 case1_vb_mnlo_mx_sd1 
V_Source:SRC123  case1_vb_lna_ss2 0 Type="V_DC" Vdc=case1_Vb_lna_ss2 V SaveCurrent=1 

Rs=50.0
RFpower=-50

RFfreq=5
IFfreq=0.05
df=0.01
LOfreq=RFfreq-IFfreq
V_Source:SRC144  case1_vb_mn3_2 0 Type="V_DC" Vdc=case1_Vb_mn3_2 V SaveCurrent=1 
V_Source:SRC168  case1_vb_mn1_2 0 Type="V_DC" Vdc=case1_Vb_mn1_2 V SaveCurrent=1 
DC:DC1 StatusLevel=2 DevOpPtLevel=0 UseFiniteDiff=no PrintOpPoint=no Restart=1 \
OutputPlan="DC1_Output" 

OutputPlan:DC1_Output \
      Type="Output" \
      UseNodeNestLevel=yes \
      NodeNestLevel=2 \
      UseEquationNestLevel=yes \
      EquationNestLevel=2 \
      UseSavedEquationNestLevel=yes \
      SavedEquationNestLevel=2 \
      UseDeviceCurrentNestLevel=no \
      DeviceCurrentNestLevel=0 \
      DeviceCurrentDeviceType="All" \
      DeviceCurrentSymSyntax=yes \
      UseCurrentNestLevel=yes \
      CurrentNestLevel=999 \
      UseDeviceVoltageNestLevel=no \
      DeviceVoltageNestLevel=0 \
      DeviceVoltageDeviceType="All"

V_Source:SRC170  case1_vb_mn1_1 0 Type="V_DC" Vdc=case1_Vb_mn1_1 V SaveCurrent=1 
V_Source:SRC169  case1_vdd_lna_ss2 0 Type="V_DC" Vdc=case1_Vdd_lna_ss2 V SaveCurrent=1 
case3_MX_dd1:X88  case3_vinp_mx_dd1 case3_vinn_mx_dd1 N__102 N__101 case3_gnd case3_LO_Ip_mxin_dd1 case3_LO_In_mxin_dd1 
V_Source:SRC167  case1_gnd 0 Type="V_DC" Vdc=0.0 V SaveCurrent=1 
case3_MX_dd2:X90  case3_vinp_mx_dd2 case3_vinn_mx_dd2 case3_LO_Ip_mxin_dd2 case3_LO_In_mxin_dd2 N__409 N__407 case3_vb_mx_dd2 case3_vdd_mx_dd2 case3_gnd 
case3_MX_dd2:X91  case3_vinp_mx_dd2 case3_vinn_mx_dd2 case3_LO_Qp_mxin_dd2 case3_LO_Qn_mxin_dd2 N__411 N__408 case3_vb_mx_dd2 case3_vdd_mx_dd2 case3_gnd 
Short:DC_Block76  N__181 N__189 Mode=1 
Short:case3_iinn_mx_dd1  N__189 case3_vinn_mx_dd1 Mode=0 SaveCurrent=yes 
#uselib "ckt" , "Balun3Port"
Balun3Port:CMP13  case3_vout_mx_dd1 N__102 N__101 
V_Source:SRC174  case1_LO_Ip_mx_sd1 0 Type="V_1Tone" V[1]=polar(1.2,0) V Freq[1]=LOfreq GHz    Vac=polar(1,0) V SaveCurrent=1 
V_Source:SRC218  N__85 0 Type="V_DC" Vdc=case3_VoutnDC_mn3 V SaveCurrent=1 

case1_lna_ss0=0.0
case1_lna_ss1=1.0
case1_lna_ss2=0.0
V_Source:SRC215  N__415 0 Type="V_DC" Vdc=case3_VoutnDC_mn3 V SaveCurrent=1 

case2_Vb_mn1_1=0.5
case2_Vb_mn1_2=0.5
case2_Vb_mn1_3=0.5

case1_Vb_mn1_1=0.5
case1_Vb_mn1_2=0.5
case1_Vb_mn1_3=0.5
V_Source:SRC171  case1_vb_lna_ss1 0 Type="V_DC" Vdc=case1_Vb_lna_ss1 V SaveCurrent=1 

case1_add_ss0=1.0
Port:Term224  N__412 0 Num=4 Z=100 kOhm Noise=yes 
V_Source:SRC164  case1_vb_mn2_1 0 Type="V_DC" Vdc=case1_Vb_mn2_1 V SaveCurrent=1 

case1_Vdd_lna_ss1=2.0
case1_Vb_lna_ss1=1.47
case1_Vdd_lna_ss2=2.5
case1_Vb_lna_ss2=1.5
case1_MX_sd1:X55  case1_vin_mx_sd1 N__198 N__197 case1_LO_Qp_mxin_sd1 case1_LO_Qn_mxin_sd1 case1_vdd_mx_sd1 case1_gnd case1_vb_mx_sd1 
Port:Term223  case3_vout_mx_dd2 0 Num=3 Z=100 kOhm Noise=yes 
Short:case3_iinp_mx_dd2  N__65 case3_vinp_mx_dd2 Mode=0 SaveCurrent=yes 
V_Source:SRC212  N__16 0 Type="V_DC" Vdc=case2_VoutnDC_mn3 V SaveCurrent=1 
V_Source:SRC165  case1_vb_mn2_3 0 Type="V_DC" Vdc=case1_Vb_mn2_3 V SaveCurrent=1 
V_Source:SRC126  case2_vb_mn2_2 0 Type="V_DC" Vdc=case2_Vb_mn2_2 V SaveCurrent=1 
case3_MX_dd1:X89  case3_vinp_mx_dd1 case3_vinn_mx_dd1 N__87 N__100 case3_gnd case3_LO_Qp_mxin_dd1 case3_LO_Qn_mxin_dd1 
V_Source:SRC157  case1_vdd_mx_sd1 0 Type="V_DC" Vdc=case1_Vdd_mx_sd1 V SaveCurrent=1 
V_Source:SRC158  case1_vb_mx_sd1 0 Type="V_DC" Vdc=case1_Vb_mx_sd1 V SaveCurrent=1 
V_Source:SRC138  case2_vb_add_sd2 0 Type="V_DC" Vdc=case2_Vb_add_sd2 V SaveCurrent=1 
Port:Term222  N__78 0 Num=2 Z=100 kOhm Noise=yes 
Port:Term221  case3_vout_mx_dd1 0 Num=1 Z=100 kOhm Noise=yes 

case1_mn2_0=1.0
case1_mn2_1=0.0
case1_mn2_2=0.0
case1_mn2_3=0.0
case1_mn2_4=0.0
case1_mn2_5=0.0
MNlo_1_N:X59  case1_LO_Qn_mx_sd1 case1_LO_Qn_mxin_sd1 case1_vb_mnlo_mx_sd1 
V_Source:SRC237  N__181 0 Type="V_1Tone" V[1]=case3_Voutn_mn3 V Freq[1]=RFfreq GHz    Vdc=case3_VoutnDC_mn3 V Vac=case3_Voutn_mn3 V SaveCurrent=1 
V_Source:SRC211  N__104 0 Type="V_DC" Vdc=case2_VoutpDC_mn3 V SaveCurrent=1 
V_Source:SRC145  case2_vb_mn3_1_n 0 Type="V_DC" Vdc=case2_Vb_mn3_1_n V SaveCurrent=1 

case1_Vb_mnlo_mx_sd1=2.5
MNlo_1_P:X60  case1_LO_Ip_mx_sd1 case1_LO_Ip_mxin_sd1 case1_vb_mnlo_mx_sd1 
R:R10  N__65 N__344 R=1 MOhm Noise=yes 
V_Source:SRC217  N__344 0 Type="V_DC" Vdc=case3_VoutpDC_mn3 V SaveCurrent=1 
R:R11  N__404 N__85 R=1 MOhm Noise=yes 
case1_MX_sd1:X52  case1_vin_mx_sd1 N__190 N__196 case1_LO_Ip_mxin_sd1 case1_LO_In_mxin_sd1 case1_vdd_mx_sd1 case1_gnd case1_vb_mx_sd1 

case2_Vdd_lna_ss1=2.0
case2_Vb_lna_ss1=1.47
case2_Vdd_lna_ss2=2.5
case2_Vb_lna_ss2=1.5

case1_Vdd_mx_sd1=2.5
case1_Vb_mx_sd1=1.6

case1=0
case2=0
case3=1.0

case1_mx_sd1=1.0
V_Source:SRC181  case2_vb_lna_ss1 0 Type="V_DC" Vdc=case2_Vb_lna_ss1 V SaveCurrent=1 
R:R8  N__189 N__415 R=1 MOhm Noise=yes 
Port:Term230  N__15 0 Num=17 Z=case3_Zoutp_mn3 Ohm Noise=yes 
V_Source:SRC143  case1_vdd_lna_ss1 0 Type="V_DC" Vdc=case1_Vdd_lna_ss1 V SaveCurrent=1 
V_Source:SRC125  case1_vb_mn2_2 0 Type="V_DC" Vdc=case1_Vb_mn2_2 V SaveCurrent=1 

case1_mn3_0=1.0
case1_mn3_1=0.0
case1_mn3_2=0.0
case1_mn3_4=0.0
V_Source:SRC124  case1_vb_mn1_3 0 Type="V_DC" Vdc=case1_Vb_mn1_3 V SaveCurrent=1 
V_Source:SRC216  N__406 0 Type="V_DC" Vdc=case3_VoutpDC_mn3 V SaveCurrent=1 
Short:DC_Block79  N__27 N__404 Mode=1 

case1_mn1_0=1.0
case1_mn1_1=0.0
case1_mn1_2=0.0
case1_mn1_3=0.0
case1_mn1_4=0.0
case1_mn1_5=0.0
MNlo_1_P:X67  case2_LO_Ip_mx_dd1 case2_LO_Ip_mxin_dd1 case2_vb_mnlo_mx_dd1 
V_Source:SRC142  case1_vb_mn3_1 0 Type="V_DC" Vdc=case1_Vb_mn3_1 V SaveCurrent=1 
V_Source:SRC160  case2_vdd_mx_dd2 0 Type="V_DC" Vdc=case2_Vdd_mx_dd2 SaveCurrent=1 

case2_Vb_mn2_1=0.5
case2_Vb_mn2_2=0.8
case2_Vb_mn2_3=0.5

case2_Vdd_add_sd1=2.5
case2_Vb1_add_sd1=1.5
case2_Vb2_add_sd1=1.8
case2_Vb3_add_sd1=1.9
case2_Vdd_add_sd2=2.5
case2_Vb_add_sd2=1.5
Short:DC_Block78  N__15 N__65 Mode=1 

case2_lna_ss0=0.0
case2_lna_ss1=1.0
case2_lna_ss2=0.0
#uselib "ckt" , "Balun3Port"
Balun3Port:CMP11  case3_vout_mx_dd2 N__409 N__407 
#uselib "ckt" , "Balun3Port"
Balun3Port:CMP12  N__412 N__411 N__408 

case2_add_sd1=1.0
case2_add_sd2=0.0

case2_Vdd_mx_dd2=2.5
case2_Vb_mx_dd2=0.5
V_Source:SRC173  case1_LO_Qp_mx_sd1 0 Type="V_1Tone" V[1]=polar(1.2,90) V Freq[1]=LOfreq GHz    Vac=polar(1,0) V SaveCurrent=1 
V_Source:SRC213  N__194 0 Type="V_DC" Vdc=case2_VoutpDC_mn3 V SaveCurrent=1 
aele case3_Vout_fund_mx_dd1=mix(HB.case3_vout_mx_dd1,{1,-1});case3_Vout_fund_mx_dd2=mix(HB.case3_vout_mx_dd2,{1,-1});case3_Vout_fund=case3_mx_dd1*case3_Vout_fund_mx_dd1+case3_mx_dd2*case3_Vout_fund_mx_dd2;

case1_Vb_mn2_1=0.5
case1_Vb_mn2_2=0.8
case1_Vb_mn2_3=0.5
aele case1_Vout_fund_mx_sd1=mix(HB.case1_vout_mx_sd1,{1,-1});case1_Vout_fund=case1_mx_sd1*case1_Vout_fund_mx_sd1;

case1_Vb_mn3_1=1.0
case1_Vb_mn3_2=0.8
HB:HB2 MaxOrder=5 Freq[1]=LOfreq GHz Freq[2]=RFfreq GHz Order[1]=11 Order[2]=3 StatusLevel=2 FundOversample=1 \
Restart=no OutputBudgetIV=no \
HBSS_WSP=0 SweepVar="RFfreq" SweepPlan="HB2_stim" OutputPlan="HB2_Output" UseKrylov=0 SamanskiiConstant=2 \


SweepPlan: HB2_stim Start=0.5 Stop=6.5 Step=0.1

OutputPlan:HB2_Output \
      Type="Output" \
      UseNodeNestLevel=yes \
      NodeNestLevel=2 \
      UseEquationNestLevel=yes \
      EquationNestLevel=2 \
      UseSavedEquationNestLevel=yes \
      SavedEquationNestLevel=2 \
      SavedEquationName[1]="case1_Vout_fund" \
      SavedEquationName[2]="case2_Vout_fund" \
      SavedEquationName[3]="case3_Vout_fund" \
      SavedEquationName[4]="case1_Vin_fund" \
      SavedEquationName[5]="case2_Vin_fund" \
      SavedEquationName[6]="case3_Vin_fund" \
      UseDeviceCurrentNestLevel=no \
      DeviceCurrentNestLevel=0 \
      DeviceCurrentDeviceType="All" \
      DeviceCurrentSymSyntax=yes \
      UseCurrentNestLevel=yes \
      CurrentNestLevel=999 \
      UseDeviceVoltageNestLevel=no \
      DeviceVoltageNestLevel=0 \
      DeviceVoltageDeviceType="All"

Tran:HB2_tran HB_Sol=1 SteadyState=1 StatusLevel=3 \
Freq[1]=LOfreq GHz Order[1]=11 

Component:tahb_HB2 Module="ATAHB" Type="ModelExtractor" \ 
 Tran_Analysis="HB2_tran" HB_Analysis="HB2" 

Port:Term232  N__27 0 Num=19 Z=case3_Zoutn_mn3 Ohm Noise=yes 
Short:DC_Block74  N__31 case2_vinp_mx_dd1 Mode=1 
Short:DC_Block73  N__10 case2_vinn_mx_dd2 Mode=1 
Short:DC_Block75  N__54 case2_vinn_mx_dd1 Mode=1 
Short:DC_Block72  N__11 case2_vinp_mx_dd2 Mode=1 
case2_MX_dd1:X53  case2_vinp_mx_dd1 case2_vinn_mx_dd1 N__199 N__200 case2_gnd case2_LO_Ip_mxin_dd1 case2_LO_In_mxin_dd1 
V_Source:SRC232  N__31 0 Type="V_1Tone" V[1]=case2_Voutp_mn3 V Freq[1]=RFfreq GHz    Vdc=case2_VoutpDC_mn3 V Vac=case2_Voutp_mn3 V SaveCurrent=1 
R:R5  case2_vinn_mx_dd2 N__16 R=1 MOhm Noise=yes 
V_Source:SRC234  N__11 0 Type="V_1Tone" V[1]=case2_Voutp_mn3 V Freq[1]=RFfreq GHz    Vdc=case2_VoutpDC_mn3 V Vac=case2_Voutp_mn3 V SaveCurrent=1 
V_Source:SRC235  N__10 0 Type="V_1Tone" V[1]=case2_Voutn_mn3 V Freq[1]=RFfreq GHz    Vdc=case2_VoutnDC_mn3 V Vac=case2_Voutn_mn3 V SaveCurrent=1 
R:R6  case2_vinp_mx_dd1 N__194 R=1 MOhm Noise=yes 
#uselib "ckt" , "Balun3Port"
Balun3Port:CMP5  case2_vout_mx_dd2 N__157 N__192 
Port:Term2  case2_vout_mx_dd2 0 Num=10 Z=100 kOhm Noise=yes 
#uselib "ckt" , "Balun3Port"
Balun3Port:CMP6  N__165 N__195 N__191 
Port:Term33  N__165 0 Num=11 Z=100 kOhm Noise=yes 
#uselib "ckt" , "Balun3Port"
Balun3Port:CMP7  N__204 N__198 N__197 
#uselib "ckt" , "Balun3Port"
Balun3Port:CMP8  case1_vout_mx_sd1 N__190 N__196 
Port:Term34  case1_vout_mx_sd1 0 Num=6 Z=100 kOhm Noise=yes 
Port:Term35  N__204 0 Num=7 Z=100 kOhm Noise=yes 
#uselib "ckt" , "Balun3Port"
Balun3Port:CMP9  N__206 N__202 N__201 
#uselib "ckt" , "Balun3Port"
Balun3Port:CMP10  case2_vout_mx_dd1 N__199 N__200 
Port:Term36  case2_vout_mx_dd1 0 Num=8 Z=100 kOhm Noise=yes 
Port:Term37  N__206 0 Num=9 Z=100 kOhm Noise=yes 
case2_MX_dd2:X54  case2_vinp_mx_dd2 case2_vinn_mx_dd2 case2_LO_Ip_mxin_dd2 case2_LO_In_mxin_dd2 N__157 N__192 case2_vb_mx_dd2 case2_vdd_mx_dd2 case2_gnd 
case2_MX_dd2:X57  case2_vinp_mx_dd2 case2_vinn_mx_dd2 case2_LO_Qp_mxin_dd2 case2_LO_Qn_mxin_dd2 N__195 N__191 case2_vb_mx_dd2 case2_vdd_mx_dd2 case2_gnd 
R:R7  case2_vinn_mx_dd1 N__35 R=1 MOhm Noise=yes 

case1_Zout_mn3=file{DAC1, "case1_Zout_mn3"}
V_Source:SRC233  N__54 0 Type="V_1Tone" V[1]=case2_Voutn_mn3 V Freq[1]=RFfreq GHz    Vdc=case2_VoutnDC_mn3 V Vac=case2_Voutn_mn3 V SaveCurrent=1 
#uselib "ckt" , "DAC"
DAC:DAC1  File="/home/local/ace/hy7557/rf_rx_0306_wrk/HB_Z5_a_0618.ds" Type="dataset" Block="aele_92.HB2.HB" InterpMode="linear" InterpDom="ri" ExtrapMode="interpMode" iVar1="RFfreq" iVal1=RFfreq 
R:R4  case2_vinp_mx_dd2 N__104 R=1 MOhm Noise=yes 
case2_MX_dd1:X56  case2_vinp_mx_dd1 case2_vinn_mx_dd1 N__202 N__201 case2_gnd case2_LO_Qp_mxin_dd1 case2_LO_Qn_mxin_dd1 

case3_mx_dd1=0.0
case3_mx_dd2=1.0
V_Source:SRC137  case2_vb2_add_sd1 0 Type="V_DC" Vdc=case2_Vb2_add_sd1 V SaveCurrent=1 

case2_mn2_0=1.0
case2_mn2_1=0.0
case2_mn2_2=0.0
case2_mn2_3=0.0
case2_mn2_4=0.0
case2_mn2_5=0.0
#uselib "ckt" , "DAC"
DAC:DAC13  File="/home/local/ace/hy7557/rf_rx_0306_wrk/HB_Z5_a_0618.ds" Type="dataset" Block="aele_86.HB2.HB" InterpMode="linear" InterpDom="ri" ExtrapMode="interpMode" iVar1="RFfreq" iVal1=RFfreq 
MNlo_1_P:X68  case2_LO_Ip_mx_dd2 case2_LO_Ip_mxin_dd2 case2_vb_mnlo_mx_dd2 
V_Source:SRC207  case3_LO_Qp_mx_dd2 0 Type="V_1Tone" V[1]=polar(1.2,90) V Freq[1]=LOfreq GHz    Vac=polar(1,0) V SaveCurrent=1 
MNlo_1_P:X62  case2_LO_Qp_mx_dd1 case2_LO_Qp_mxin_dd1 case2_vb_mnlo_mx_dd1 

case3_Vb_mnlo_mx_dd1=0.0
case3_Vb_mnlo_mx_dd2=1.4
V_Source:SRC179  case2_vb_mn1_1 0 Type="V_DC" Vdc=case2_Vb_mn1_1 V SaveCurrent=1 
V_Source:SRC203  case3_vb2_lna_sd1 0 Type="V_DC" Vdc=case3_Vb2_lna_sd1 V SaveCurrent=1 
V_Source:SRC132  case3_vb_mn2_3_p 0 Type="V_DC" Vdc=case3_Vb_mn2_3_p V SaveCurrent=1 

case3_Zoutp_mn3=file{DAC13, "case3_Zoutp_mn3"}
case3_Zoutn_mn3=file{DAC14, "case3_Zoutn_mn3"}
#uselib "ckt" , "DAC"
DAC:DAC11  File="/home/local/ace/hy7557/rf_rx_0306_wrk/HB_MN1_a_0618.ds" Type="dataset" Block="aele_60.HB2.HB" InterpMode="linear" InterpDom="ri" ExtrapMode="interpMode" iVar1="RFfreq" iVal1=RFfreq 

case2_Zoutp_mn3=file{DAC2, "case2_Zoutp_mn3"}
case2_Zoutn_mn3=file{DAC3, "case2_Zoutn_mn3"}

case3_Vb_mn3_1_p=1.05
case3_Vb_mn3_1_n=case3_Vb_mn3_1_p
case3_Vb_mn3_2_p=0.8
case3_Vb_mn3_2_n=case3_Vb_mn3_2_p
V_Source:SRC151  case3_vb_mn3_1_n 0 Type="V_DC" Vdc=case3_Vb_mn3_1_n V SaveCurrent=1 
V_Source:SRC182  case2_LO_Ip_mx_dd1 0 Type="V_1Tone" V[1]=polar(1.2,0) V Freq[1]=LOfreq GHz    Vac=polar(1,0) V SaveCurrent=1 
V_Source:SRC133  case3_vb_mn2_2_n 0 Type="V_DC" Vdc=case3_Vb_mn2_2_n V SaveCurrent=1 
V_Source:SRC154  case3_vb_mn3_2_n 0 Type="V_DC" Vdc=case3_Vb_mn3_2_n V SaveCurrent=1 
V_Source:SRC194  case3_vb_mn1_2 0 Type="V_DC" Vdc=case3_Vb_mn1_2 V SaveCurrent=1 

case3_add_dd0=1.0
case3_add_dd1=0.0
#uselib "ckt" , "DAC"
DAC:DAC15  File="/home/local/ace/hy7557/rf_rx_0306_wrk/DC_VDC2_a_0618.ds" Type="dataset" Block="aele_0.DC1" InterpMode="linear" InterpDom="ri" ExtrapMode="interpMode" iVar1="freq" iVal1=freq 
V_Source:SRC129  case3_vb_mn2_1_n 0 Type="V_DC" Vdc=case3_Vb_mn2_1_n V SaveCurrent=1 
#uselib "ckt" , "DAC"
DAC:DAC16  File="/home/local/ace/hy7557/rf_rx_0306_wrk/DC_VDC2_a_0618.ds" Type="dataset" Block="aele_0.DC1" InterpMode="linear" InterpDom="ri" ExtrapMode="interpMode" iVar1="freq" iVal1=freq 

case2_mn3_1_p=1.0
case2_mn3_1_n=case2_mn3_1_p
case2_mn3_2_p=0.0
case2_mn3_2_n=case2_mn3_2_p
case2_mn3_4_p=0.0
case2_mn3_4_n=case2_mn3_4_p

case3_Vb_mn2_1_p=0.5
case3_Vb_mn2_1_n=case3_Vb_mn2_1_p
case3_Vb_mn2_2_p=0.8
case3_Vb_mn2_2_n=case3_Vb_mn2_2_p
case3_Vb_mn2_3_p=0.5
case3_Vb_mn2_3_n=case3_Vb_mn2_3_p
V_Source:SRC130  case3_vb_mn2_1_p 0 Type="V_DC" Vdc=case3_Vb_mn2_1_p SaveCurrent=1 

case3_mn2_0_p=1.0
case3_mn2_0_n=case3_mn2_0_p
case3_mn2_1_p=0.0
case3_mn2_1_n=case3_mn2_1_p
case3_mn2_2_p=0.0
case3_mn2_2_n=case3_mn2_2_p
case3_mn2_3_p=0.0
case3_mn2_3_n=case3_mn2_3_p
case3_mn2_4_p=0.0
case3_mn2_4_n=case3_mn2_4_p
case3_mn2_5_p=0.0
case3_mn2_5_n=case3_mn2_5_p

case2_mx_dd1=0.0
case2_mx_dd2=1.0

case3_Vdd_mx_dd2=2.5
case3_Vb_mx_dd2=0.5

case3_Vb_mn1_1=0.5
case3_Vb_mn1_2=0.5
case3_Vb_mn1_3=0.5
V_Source:SRC107  case2_gnd 0 Type="V_DC" Vdc=0.0 V SaveCurrent=1 

case2_Vb_mnlo_mx_dd1=0.0
case2_Vb_mnlo_mx_dd2=0.5
V_Source:SRC186  case2_vb_mn1_2 0 Type="V_DC" Vdc=case2_Vb_mn1_2 V SaveCurrent=1 
V_Source:SRC180  case2_vb_mnlo_mx_dd2 0 Type="V_DC" Vdc=case2_Vb_mnlo_mx_dd2 V SaveCurrent=1 
V_Source:SRC127  case2_vb_mn2_3 0 Type="V_DC" Vdc=case2_Vb_mn2_3 V SaveCurrent=1 
MNlo_1_N:X66  case2_LO_Qn_mx_dd2 case2_LO_Qn_mxin_dd2 case2_vb_mnlo_mx_dd2 
V_Source:SRC199  case3_LO_Qn_mx_dd1 0 Type="V_1Tone" V[1]=polar(1.2,270) V Freq[1]=LOfreq GHz    Vac=polar(1,0) V SaveCurrent=1 
#uselib "ckt" , "DAC"
DAC:DAC14  File="/home/local/ace/hy7557/rf_rx_0306_wrk/HB_Z5_a_0618.ds" Type="dataset" Block="aele_87.HB2.HB" InterpMode="linear" InterpDom="ri" ExtrapMode="interpMode" iVar1="RFfreq" iVal1=RFfreq 
V_Source:SRC188  case2_LO_Qp_mx_dd2 0 Type="V_1Tone" V[1]=polar(1.2,90) V Freq[1]=LOfreq GHz    Vac=polar(1,0) V SaveCurrent=1 
V_Source:SRC198  case3_vb_mn1_1 0 Type="V_DC" Vdc=case3_Vb_mn1_1 SaveCurrent=1 

case3_mn1_0=1.0
case3_mn1_1=0.0
case3_mn1_2=0.0
case3_mn1_3=0.0
case3_mn1_4=0.0
case3_mn1_5=0.0

case3_lna_sd1=1.0
#uselib "ckt" , "DAC"
DAC:DAC18  File="/home/local/ace/hy7557/rf_rx_0306_wrk/HB_MN3_a_0618.ds" Type="dataset" Block="aele_54.HB2.HB" InterpMode="linear" InterpDom="ri" ExtrapMode="interpMode" iVar1="RFfreq" iVal1=RFfreq 
V_Source:SRC152  case3_vb_mn3_1_p 0 Type="V_DC" Vdc=case3_Vb_mn3_1_p V SaveCurrent=1 

case2_Voutp_mn3=file{DAC5, "case2_Voutp_fund"}
case2_Voutn_mn3=file{DAC6, "case2_Voutn_fund"}
V_Source:SRC209  case3_LO_Ip_mx_dd2 0 Type="V_1Tone" V[1]=polar(1.2,0) V Freq[1]=LOfreq GHz    Vac=polar(1,0) V SaveCurrent=1 

case2_VoutpDC_mn3=file{DAC8, "case2_VoutpDC_mn3"}
case2_VoutnDC_mn3=file{DAC9, "case2_VoutnDC_mn3"}
V_Source:SRC140  case2_vb3_add_sd1 0 Type="V_DC" Vdc=case2_Vb3_add_sd1 V SaveCurrent=1 
MNlo_1_N:X75  case3_LO_Qn_mx_dd1 case3_LO_Qn_mxin_dd1 case3_vb_mnlo_mx_dd1 
MNlo_1_P:X69  case2_LO_Qp_mx_dd2 case2_LO_Qp_mxin_dd2 case2_vb_mnlo_mx_dd2 
MNlo_1_P:X77  case3_LO_Qp_mx_dd2 case3_LO_Qp_mxin_dd2 case3_vb_mnlo_mx_dd2 

case3_Vdd_lna_sd1=2.5
case3_Vb1_lna_sd1=1.4
case3_Vb2_lna_sd1=0.6
V_Source:SRC150  case2_vb_mn3_2_p 0 Type="V_DC" Vdc=case2_Vb_mn3_2_p V SaveCurrent=1 
V_Source:SRC208  case3_LO_In_mx_dd1 0 Type="V_1Tone" V[1]=polar(1.2,180) V Freq[1]=LOfreq GHz    Vac=polar(1,0) V SaveCurrent=1 
#uselib "ckt" , "DAC"
DAC:DAC17  File="/home/local/ace/hy7557/rf_rx_0306_wrk/HB_MN1_a_0618.ds" Type="dataset" Block="aele_58.HB2.HB" InterpMode="linear" InterpDom="ri" ExtrapMode="interpMode" iVar1="RFfreq" iVal1=RFfreq 
V_Source:SRC183  case2_LO_Qp_mx_dd1 0 Type="V_1Tone" V[1]=polar(1.2,90) V Freq[1]=LOfreq GHz    Vac=polar(1,0) V SaveCurrent=1 
MNlo_1_P:X72  case3_LO_Ip_mx_dd2 case3_LO_Ip_mxin_dd2 case3_vb_mnlo_mx_dd2 
V_Source:SRC193  case3_LO_Qp_mx_dd1 0 Type="V_1Tone" V[1]=polar(1.2,90) V Freq[1]=LOfreq GHz    Vac=polar(1,0) V SaveCurrent=1 
V_Source:SRC139  case2_vdd_add_sd2 0 Type="V_DC" Vdc=case2_Vdd_add_sd2 V SaveCurrent=1 
V_Source:SRC128  case2_vb_mn2_1 0 Type="V_DC" Vdc=case2_Vb_mn2_1 SaveCurrent=1 
V_Source:SRC187  case2_vdd_lna_ss1 0 Type="V_DC" Vdc=case2_Vdd_lna_ss1 SaveCurrent=1 
V_Source:SRC134  case3_vb_mn2_2_p 0 Type="V_DC" Vdc=case3_Vb_mn2_2_p V SaveCurrent=1 
MNlo_1_P:X76  case3_LO_Ip_mx_dd1 case3_LO_Ip_mxin_dd1 case3_vb_mnlo_mx_dd1 
V_Source:SRC197  case3_vdd_lna_sd1 0 Type="V_DC" Vdc=case3_Vdd_lna_sd1 SaveCurrent=1 
V_Source:SRC176  case2_vb_mnlo_mx_dd1 0 Type="V_DC" Vdc=case2_Vb_mnlo_mx_dd1 SaveCurrent=1 
V_Source:SRC201  case3_vb_mn1_3 0 Type="V_DC" Vdc=case3_Vb_mn1_3 V SaveCurrent=1 
V_Source:SRC202  case3_gnd 0 Type="V_DC" Vdc=0.0 V SaveCurrent=1 
V_Source:SRC146  case2_vb_mn3_1_p 0 Type="V_DC" Vdc=case2_Vb_mn3_1_p SaveCurrent=1 
V_Source:SRC178  case2_LO_In_mx_dd1 0 Type="V_1Tone" V[1]=polar(1.2,180) V Freq[1]=LOfreq GHz    Vac=polar(1,0) V SaveCurrent=1 
V_Source:SRC200  case3_LO_Qn_mx_dd2 0 Type="V_1Tone" V[1]=polar(1.2,270) V Freq[1]=LOfreq GHz    Vac=polar(1,0) V SaveCurrent=1 
V_Source:SRC131  case3_vb_mn2_3_n 0 Type="V_DC" Vdc=case3_Vb_mn2_3_n V SaveCurrent=1 
Port:Term229  N__106 0 Num=16 Z=case3_Zoutp_mn3 Ohm Noise=yes 
Port:Term227  N__54 0 Num=14 Z=case2_Zoutn_mn3 Ohm Noise=yes 
Port:Term228  N__10 0 Num=15 Z=case2_Zoutn_mn3 Ohm Noise=yes 
Port:Term231  N__181 0 Num=18 Z=case3_Zoutn_mn3 Ohm Noise=yes 
#uselib "ckt" , "DAC"
DAC:DAC6  File="/home/local/ace/hy7557/rf_rx_0306_wrk/HB_MN3_a_0618.ds" Type="dataset" Block="aele_56.HB2.HB" InterpMode="linear" InterpDom="ri" ExtrapMode="interpMode" iVar1="RFfreq" iVal1=RFfreq 

case1_Vin_fund=file{DAC10, "case1_Vin_fund"}
#uselib "ckt" , "DAC"
DAC:DAC7  File="/home/local/ace/hy7557/rf_rx_0306_wrk/DC_VDC2_a_0618.ds" Type="dataset" Block="aele_18.DC1" InterpMode="linear" InterpDom="ri" ExtrapMode="interpMode" iVar1="freq" iVal1=freq 
#uselib "ckt" , "DAC"
DAC:DAC8  File="/home/local/ace/hy7557/rf_rx_0306_wrk/DC_VDC2_a_0618.ds" Type="dataset" Block="aele_0.DC1" InterpMode="linear" InterpDom="ri" ExtrapMode="interpMode" iVar1="freq" iVal1=freq 
#uselib "ckt" , "DAC"
DAC:DAC9  File="/home/local/ace/hy7557/rf_rx_0306_wrk/DC_VDC2_a_0618.ds" Type="dataset" Block="aele_0.DC1" InterpMode="linear" InterpDom="ri" ExtrapMode="interpMode" iVar1="freq" iVal1=freq 
#uselib "ckt" , "DAC"
DAC:DAC10  File="/home/local/ace/hy7557/rf_rx_0306_wrk/HB_MN1_a_0618.ds" Type="dataset" Block="aele_62.HB2.HB" InterpMode="linear" InterpDom="ri" ExtrapMode="interpMode" iVar1="RFfreq" iVal1=RFfreq 
aele case2_Vout_fund_mx_dd1=mix(HB.case2_vout_mx_dd1,{1,-1});case2_Vout_fund_mx_dd2=mix(HB.case2_vout_mx_dd2,{1,-1});case2_Vout_fund=case2_mx_dd1*case2_Vout_fund_mx_dd1+case2_mx_dd2*case2_Vout_fund_mx_dd2;
#uselib "ckt" , "DAC"
DAC:DAC12  File="/home/local/ace/hy7557/rf_rx_0306_wrk/HB_MN3_a_0618.ds" Type="dataset" Block="aele_53.HB2.HB" InterpMode="linear" InterpDom="ri" ExtrapMode="interpMode" iVar1="RFfreq" iVal1=RFfreq 
V_Source:SRC196  case3_LO_In_mx_dd2 0 Type="V_1Tone" V[1]=polar(1.2,180) V Freq[1]=LOfreq GHz    Vac=polar(1,0) V SaveCurrent=1 
MNlo_1_N:X71  case3_LO_In_mx_dd2 case3_LO_In_mxin_dd2 case3_vb_mnlo_mx_dd2 
V_Source:SRC148  case2_vb_mn3_2_n 0 Type="V_DC" Vdc=case2_Vb_mn3_2_n V SaveCurrent=1 

case3_mn3_1_p=1.0
case3_mn3_1_n=case3_mn3_1_p
case3_mn3_2_p=0.0
case3_mn3_2_n=case3_mn3_2_p
case3_mn3_4_p=0.0
case3_mn3_4_n=case3_mn3_4_p
V_Source:SRC195  case3_vb_mnlo_mx_dd2 0 Type="V_DC" Vdc=case3_Vb_mnlo_mx_dd2 V SaveCurrent=1 
MNlo_1_N:X64  case2_LO_Qn_mx_dd1 case2_LO_Qn_mxin_dd1 case2_vb_mnlo_mx_dd1 
V_Source:SRC190  case2_LO_In_mx_dd2 0 Type="V_1Tone" V[1]=polar(1.2,180) V Freq[1]=LOfreq GHz    Vac=polar(1,0) V SaveCurrent=1 
V_Source:SRC161  case3_vdd_mx_dd2 0 Type="V_DC" Vdc=case3_Vdd_mx_dd2 V SaveCurrent=1 

case3_VoutpDC_mn3=file{DAC15, "case3_VoutpDC_mn3"}
case3_VoutnDC_mn3=file{DAC16, "case3_VoutnDC_mn3"}
MNlo_1_N:X65  case2_LO_In_mx_dd2 case2_LO_In_mxin_dd2 case2_vb_mnlo_mx_dd2 
MNlo_1_P:X73  case3_LO_Qp_mx_dd1 case3_LO_Qp_mxin_dd1 case3_vb_mnlo_mx_dd1 
V_Source:SRC185  case2_vb_mn1_3 0 Type="V_DC" Vdc=case2_Vb_mn1_3 V SaveCurrent=1 
V_Source:SRC192  case2_LO_Qn_mx_dd1 0 Type="V_1Tone" V[1]=polar(1.2,270) V Freq[1]=LOfreq GHz    Vac=polar(1,0) V SaveCurrent=1 
V_Source:SRC162  case3_vb_mx_dd2 0 Type="V_DC" Vdc=case3_Vb_mx_dd2 V SaveCurrent=1 

case2_Vin_fund=file{DAC11, "case2_Vin_fund"}
V_Source:SRC177  case2_vb_lna_ss2 0 Type="V_DC" Vdc=case2_Vb_lna_ss2 V SaveCurrent=1 

case3_Vin_fund=file{DAC17, "case3_Vin_fund"}
MNlo_1_N:X70  case3_LO_In_mx_dd1 case3_LO_In_mxin_dd1 case3_vb_mnlo_mx_dd1 
Port:Term5  N__168 0 Num=5 Z=case1_Zout_mn3 Ohm Noise=yes 

case3_Vdd_add_dd1=2.0
V_Source:SRC206  case3_LO_Ip_mx_dd1 0 Type="V_1Tone" V[1]=polar(1.2,0) V Freq[1]=LOfreq GHz    Vac=polar(1,0) V SaveCurrent=1 

case3_Voutp_mn3=file{DAC12, "case3_Voutp_fund"}
case3_Voutn_mn3=file{DAC18, "case3_Voutn_fund"}
V_Source:SRC205  case3_vb_mnlo_mx_dd1 0 Type="V_DC" Vdc=case3_Vb_mnlo_mx_dd1 V SaveCurrent=1 
MNlo_1_N:X74  case3_LO_Qn_mx_dd2 case3_LO_Qn_mxin_dd2 case3_vb_mnlo_mx_dd2 
V_Source:SRC156  case3_vb_mn3_2_p 0 Type="V_DC" Vdc=case3_Vb_mn3_2_p V SaveCurrent=1 
Port:Term225  N__31 0 Num=12 Z=case2_Zoutp_mn3 Ohm Noise=yes 
V_Source:SRC141  case3_vdd_add_dd1 0 Type="V_DC" Vdc=case3_Vdd_add_dd1 V SaveCurrent=1 
V_Source:SRC204  case3_vb1_lna_sd1 0 Type="V_DC" Vdc=case3_Vb1_lna_sd1 V SaveCurrent=1 
V_Source:SRC189  case2_LO_Qn_mx_dd2 0 Type="V_1Tone" V[1]=polar(1.2,270) V Freq[1]=LOfreq GHz    Vac=polar(1,0) V SaveCurrent=1 
V_Source:SRC184  case2_vdd_lna_ss2 0 Type="V_DC" Vdc=case2_Vdd_lna_ss2 V SaveCurrent=1 

case2_mn1_0=1.0
case2_mn1_1=0.0
case2_mn1_2=0.0
case2_mn1_3=0.0
case2_mn1_4=0.0
case2_mn1_5=0.0
V_Source:SRC135  case2_vdd_add_sd1 0 Type="V_DC" Vdc=case2_Vdd_add_sd1 SaveCurrent=1 

case2_Vb_mn3_1_p=1.0
case2_Vb_mn3_1_n=case2_Vb_mn3_1_p
case2_Vb_mn3_2_p=0.8
case2_Vb_mn3_2_n=case2_Vb_mn3_2_p
V_Source:SRC191  case2_LO_Ip_mx_dd2 0 Type="V_1Tone" V[1]=polar(1.2,0) V Freq[1]=LOfreq GHz    Vac=polar(1,0) V SaveCurrent=1 
V_Source:SRC136  case2_vb1_add_sd1 0 Type="V_DC" Vdc=case2_Vb1_add_sd1 V SaveCurrent=1 
V_Source:SRC159  case2_vb_mx_dd2 0 Type="V_DC" Vdc=case2_Vb_mx_dd2 V SaveCurrent=1 
V_Source:SRC214  N__35 0 Type="V_DC" Vdc=case2_VoutnDC_mn3 V SaveCurrent=1 
R:R3  case1_vin_mx_sd1 N__64 R=1 MOhm Noise=yes 
V_Source:SRC210  N__64 0 Type="V_DC" Vdc=case1_VoutDC_mn3 V SaveCurrent=1 
V_Source:SRC231  N__168 0 Type="V_1Tone" V[1]=case1_Vout_mn3 V Freq[1]=RFfreq GHz    Vdc=case1_VoutDC_mn3 V Vac=case1_Vout_mn3 V SaveCurrent=1 
Short:DC_Block71  N__168 case1_vin_mx_sd1 Mode=1 
